ERROR - 2023-12-19 11:07:04 --> Error connecting to the database: mysqli_sql_exception: Access denied for user ''@'localhost' (using password: NO) in E:\xampp\htdocs\wdpf55_ci\ci_furni_project\system\Database\MySQLi\Connection.php:184
Stack trace:
#0 E:\xampp\htdocs\wdpf55_ci\ci_furni_project\system\Database\MySQLi\Connection.php(184): mysqli->real_connect('localhost', '', Object(SensitiveParameterValue), 'furni_shop ', 3306, '', 0)
#1 E:\xampp\htdocs\wdpf55_ci\ci_furni_project\system\Database\BaseConnection.php(392): CodeIgniter\Database\MySQLi\Connection->connect(false)
#2 E:\xampp\htdocs\wdpf55_ci\ci_furni_project\system\Database\BaseConnection.php(575): CodeIgniter\Database\BaseConnection->initialize()
#3 E:\xampp\htdocs\wdpf55_ci\ci_furni_project\system\Database\BaseBuilder.php(1615): CodeIgniter\Database\BaseConnection->query('SELECT *\nFROM `...', Array, false)
#4 E:\xampp\htdocs\wdpf55_ci\ci_furni_project\system\Model.php(237): CodeIgniter\Database\BaseBuilder->get()
#5 E:\xampp\htdocs\wdpf55_ci\ci_furni_project\system\BaseModel.php(624): CodeIgniter\Model->doFindAll(0, 0)
#6 E:\xampp\htdocs\wdpf55_ci\ci_furni_project\app\Controllers\Category.php(17): CodeIgniter\BaseModel->findAll()
#7 E:\xampp\htdocs\wdpf55_ci\ci_furni_project\system\CodeIgniter.php(942): App\Controllers\Category->index()
#8 E:\xampp\htdocs\wdpf55_ci\ci_furni_project\system\CodeIgniter.php(502): CodeIgniter\CodeIgniter->runController(Object(App\Controllers\Category))
#9 E:\xampp\htdocs\wdpf55_ci\ci_furni_project\system\CodeIgniter.php(361): CodeIgniter\CodeIgniter->handleRequest(NULL, Object(Config\Cache), false)
#10 E:\xampp\htdocs\wdpf55_ci\ci_furni_project\public\index.php(79): CodeIgniter\CodeIgniter->run()
#11 E:\xampp\htdocs\wdpf55_ci\ci_furni_project\system\Commands\Server\rewrite.php(47): require_once('E:\\xampp\\htdocs...')
#12 {main}

Next CodeIgniter\Database\Exceptions\DatabaseException: Access denied for user ''@'localhost' (using password: NO) in E:\xampp\htdocs\wdpf55_ci\ci_furni_project\system\Database\MySQLi\Connection.php:229
Stack trace:
#0 E:\xampp\htdocs\wdpf55_ci\ci_furni_project\system\Database\BaseConnection.php(392): CodeIgniter\Database\MySQLi\Connection->connect(false)
#1 E:\xampp\htdocs\wdpf55_ci\ci_furni_project\system\Database\BaseConnection.php(575): CodeIgniter\Database\BaseConnection->initialize()
#2 E:\xampp\htdocs\wdpf55_ci\ci_furni_project\system\Database\BaseBuilder.php(1615): CodeIgniter\Database\BaseConnection->query('SELECT *\nFROM `...', Array, false)
#3 E:\xampp\htdocs\wdpf55_ci\ci_furni_project\system\Model.php(237): CodeIgniter\Database\BaseBuilder->get()
#4 E:\xampp\htdocs\wdpf55_ci\ci_furni_project\system\BaseModel.php(624): CodeIgniter\Model->doFindAll(0, 0)
#5 E:\xampp\htdocs\wdpf55_ci\ci_furni_project\app\Controllers\Category.php(17): CodeIgniter\BaseModel->findAll()
#6 E:\xampp\htdocs\wdpf55_ci\ci_furni_project\system\CodeIgniter.php(942): App\Controllers\Category->index()
#7 E:\xampp\htdocs\wdpf55_ci\ci_furni_project\system\CodeIgniter.php(502): CodeIgniter\CodeIgniter->runController(Object(App\Controllers\Category))
#8 E:\xampp\htdocs\wdpf55_ci\ci_furni_project\system\CodeIgniter.php(361): CodeIgniter\CodeIgniter->handleRequest(NULL, Object(Config\Cache), false)
#9 E:\xampp\htdocs\wdpf55_ci\ci_furni_project\public\index.php(79): CodeIgniter\CodeIgniter->run()
#10 E:\xampp\htdocs\wdpf55_ci\ci_furni_project\system\Commands\Server\rewrite.php(47): require_once('E:\\xampp\\htdocs...')
#11 {main}
CRITICAL - 2023-12-19 11:07:04 --> Unable to connect to the database.
Main connection [MySQLi]: Access denied for user ''@'localhost' (using password: NO)
in SYSTEMPATH\Database\BaseConnection.php on line 428.
 1 SYSTEMPATH\Database\BaseConnection.php(575): CodeIgniter\Database\BaseConnection->initialize()
 2 SYSTEMPATH\Database\BaseBuilder.php(1615): CodeIgniter\Database\BaseConnection->query('SELECT *
FROM `product_category`', [], false)
 3 SYSTEMPATH\Model.php(237): CodeIgniter\Database\BaseBuilder->get()
 4 SYSTEMPATH\BaseModel.php(624): CodeIgniter\Model->doFindAll(0, 0)
 5 APPPATH\Controllers\Category.php(17): CodeIgniter\BaseModel->findAll()
 6 SYSTEMPATH\CodeIgniter.php(942): App\Controllers\Category->index()
 7 SYSTEMPATH\CodeIgniter.php(502): CodeIgniter\CodeIgniter->runController(Object(App\Controllers\Category))
 8 SYSTEMPATH\CodeIgniter.php(361): CodeIgniter\CodeIgniter->handleRequest(null, Object(Config\Cache), false)
 9 FCPATH\index.php(79): CodeIgniter\CodeIgniter->run()
10 SYSTEMPATH\Commands\Server\rewrite.php(47): require_once('E:\\xampp\\htdocs\\wdpf55_ci\\ci_furni_project\\public\\index.php')
ERROR - 2023-12-19 11:07:31 --> Error connecting to the database: mysqli_sql_exception: Access denied for user ''@'localhost' (using password: NO) in E:\xampp\htdocs\wdpf55_ci\ci_furni_project\system\Database\MySQLi\Connection.php:184
Stack trace:
#0 E:\xampp\htdocs\wdpf55_ci\ci_furni_project\system\Database\MySQLi\Connection.php(184): mysqli->real_connect('localhost', '', Object(SensitiveParameterValue), 'furni_shop ', 3306, '', 0)
#1 E:\xampp\htdocs\wdpf55_ci\ci_furni_project\system\Database\BaseConnection.php(392): CodeIgniter\Database\MySQLi\Connection->connect(false)
#2 E:\xampp\htdocs\wdpf55_ci\ci_furni_project\system\Database\BaseConnection.php(575): CodeIgniter\Database\BaseConnection->initialize()
#3 E:\xampp\htdocs\wdpf55_ci\ci_furni_project\system\Database\BaseBuilder.php(1615): CodeIgniter\Database\BaseConnection->query('SELECT *\nFROM `...', Array, false)
#4 E:\xampp\htdocs\wdpf55_ci\ci_furni_project\system\Model.php(237): CodeIgniter\Database\BaseBuilder->get()
#5 E:\xampp\htdocs\wdpf55_ci\ci_furni_project\system\BaseModel.php(624): CodeIgniter\Model->doFindAll(0, 0)
#6 E:\xampp\htdocs\wdpf55_ci\ci_furni_project\app\Controllers\Category.php(17): CodeIgniter\BaseModel->findAll()
#7 E:\xampp\htdocs\wdpf55_ci\ci_furni_project\system\CodeIgniter.php(942): App\Controllers\Category->index()
#8 E:\xampp\htdocs\wdpf55_ci\ci_furni_project\system\CodeIgniter.php(502): CodeIgniter\CodeIgniter->runController(Object(App\Controllers\Category))
#9 E:\xampp\htdocs\wdpf55_ci\ci_furni_project\system\CodeIgniter.php(361): CodeIgniter\CodeIgniter->handleRequest(NULL, Object(Config\Cache), false)
#10 E:\xampp\htdocs\wdpf55_ci\ci_furni_project\public\index.php(79): CodeIgniter\CodeIgniter->run()
#11 E:\xampp\htdocs\wdpf55_ci\ci_furni_project\system\Commands\Server\rewrite.php(47): require_once('E:\\xampp\\htdocs...')
#12 {main}

Next CodeIgniter\Database\Exceptions\DatabaseException: Access denied for user ''@'localhost' (using password: NO) in E:\xampp\htdocs\wdpf55_ci\ci_furni_project\system\Database\MySQLi\Connection.php:229
Stack trace:
#0 E:\xampp\htdocs\wdpf55_ci\ci_furni_project\system\Database\BaseConnection.php(392): CodeIgniter\Database\MySQLi\Connection->connect(false)
#1 E:\xampp\htdocs\wdpf55_ci\ci_furni_project\system\Database\BaseConnection.php(575): CodeIgniter\Database\BaseConnection->initialize()
#2 E:\xampp\htdocs\wdpf55_ci\ci_furni_project\system\Database\BaseBuilder.php(1615): CodeIgniter\Database\BaseConnection->query('SELECT *\nFROM `...', Array, false)
#3 E:\xampp\htdocs\wdpf55_ci\ci_furni_project\system\Model.php(237): CodeIgniter\Database\BaseBuilder->get()
#4 E:\xampp\htdocs\wdpf55_ci\ci_furni_project\system\BaseModel.php(624): CodeIgniter\Model->doFindAll(0, 0)
#5 E:\xampp\htdocs\wdpf55_ci\ci_furni_project\app\Controllers\Category.php(17): CodeIgniter\BaseModel->findAll()
#6 E:\xampp\htdocs\wdpf55_ci\ci_furni_project\system\CodeIgniter.php(942): App\Controllers\Category->index()
#7 E:\xampp\htdocs\wdpf55_ci\ci_furni_project\system\CodeIgniter.php(502): CodeIgniter\CodeIgniter->runController(Object(App\Controllers\Category))
#8 E:\xampp\htdocs\wdpf55_ci\ci_furni_project\system\CodeIgniter.php(361): CodeIgniter\CodeIgniter->handleRequest(NULL, Object(Config\Cache), false)
#9 E:\xampp\htdocs\wdpf55_ci\ci_furni_project\public\index.php(79): CodeIgniter\CodeIgniter->run()
#10 E:\xampp\htdocs\wdpf55_ci\ci_furni_project\system\Commands\Server\rewrite.php(47): require_once('E:\\xampp\\htdocs...')
#11 {main}
CRITICAL - 2023-12-19 11:07:31 --> Unable to connect to the database.
Main connection [MySQLi]: Access denied for user ''@'localhost' (using password: NO)
in SYSTEMPATH\Database\BaseConnection.php on line 428.
 1 SYSTEMPATH\Database\BaseConnection.php(575): CodeIgniter\Database\BaseConnection->initialize()
 2 SYSTEMPATH\Database\BaseBuilder.php(1615): CodeIgniter\Database\BaseConnection->query('SELECT *
FROM `product_category`', [], false)
 3 SYSTEMPATH\Model.php(237): CodeIgniter\Database\BaseBuilder->get()
 4 SYSTEMPATH\BaseModel.php(624): CodeIgniter\Model->doFindAll(0, 0)
 5 APPPATH\Controllers\Category.php(17): CodeIgniter\BaseModel->findAll()
 6 SYSTEMPATH\CodeIgniter.php(942): App\Controllers\Category->index()
 7 SYSTEMPATH\CodeIgniter.php(502): CodeIgniter\CodeIgniter->runController(Object(App\Controllers\Category))
 8 SYSTEMPATH\CodeIgniter.php(361): CodeIgniter\CodeIgniter->handleRequest(null, Object(Config\Cache), false)
 9 FCPATH\index.php(79): CodeIgniter\CodeIgniter->run()
10 SYSTEMPATH\Commands\Server\rewrite.php(47): require_once('E:\\xampp\\htdocs\\wdpf55_ci\\ci_furni_project\\public\\index.php')
ERROR - 2023-12-19 11:07:49 --> Error connecting to the database: mysqli_sql_exception: Access denied for user ''@'localhost' (using password: NO) in E:\xampp\htdocs\wdpf55_ci\ci_furni_project\system\Database\MySQLi\Connection.php:184
Stack trace:
#0 E:\xampp\htdocs\wdpf55_ci\ci_furni_project\system\Database\MySQLi\Connection.php(184): mysqli->real_connect('localhost', '', Object(SensitiveParameterValue), 'furni_shop ', 3306, '', 0)
#1 E:\xampp\htdocs\wdpf55_ci\ci_furni_project\system\Database\BaseConnection.php(392): CodeIgniter\Database\MySQLi\Connection->connect(false)
#2 E:\xampp\htdocs\wdpf55_ci\ci_furni_project\system\Database\BaseConnection.php(575): CodeIgniter\Database\BaseConnection->initialize()
#3 E:\xampp\htdocs\wdpf55_ci\ci_furni_project\system\Database\BaseBuilder.php(1615): CodeIgniter\Database\BaseConnection->query('SELECT *\nFROM `...', Array, false)
#4 E:\xampp\htdocs\wdpf55_ci\ci_furni_project\system\Model.php(237): CodeIgniter\Database\BaseBuilder->get()
#5 E:\xampp\htdocs\wdpf55_ci\ci_furni_project\system\BaseModel.php(624): CodeIgniter\Model->doFindAll(0, 0)
#6 E:\xampp\htdocs\wdpf55_ci\ci_furni_project\app\Controllers\Category.php(17): CodeIgniter\BaseModel->findAll()
#7 E:\xampp\htdocs\wdpf55_ci\ci_furni_project\system\CodeIgniter.php(942): App\Controllers\Category->index()
#8 E:\xampp\htdocs\wdpf55_ci\ci_furni_project\system\CodeIgniter.php(502): CodeIgniter\CodeIgniter->runController(Object(App\Controllers\Category))
#9 E:\xampp\htdocs\wdpf55_ci\ci_furni_project\system\CodeIgniter.php(361): CodeIgniter\CodeIgniter->handleRequest(NULL, Object(Config\Cache), false)
#10 E:\xampp\htdocs\wdpf55_ci\ci_furni_project\public\index.php(79): CodeIgniter\CodeIgniter->run()
#11 E:\xampp\htdocs\wdpf55_ci\ci_furni_project\system\Commands\Server\rewrite.php(47): require_once('E:\\xampp\\htdocs...')
#12 {main}

Next CodeIgniter\Database\Exceptions\DatabaseException: Access denied for user ''@'localhost' (using password: NO) in E:\xampp\htdocs\wdpf55_ci\ci_furni_project\system\Database\MySQLi\Connection.php:229
Stack trace:
#0 E:\xampp\htdocs\wdpf55_ci\ci_furni_project\system\Database\BaseConnection.php(392): CodeIgniter\Database\MySQLi\Connection->connect(false)
#1 E:\xampp\htdocs\wdpf55_ci\ci_furni_project\system\Database\BaseConnection.php(575): CodeIgniter\Database\BaseConnection->initialize()
#2 E:\xampp\htdocs\wdpf55_ci\ci_furni_project\system\Database\BaseBuilder.php(1615): CodeIgniter\Database\BaseConnection->query('SELECT *\nFROM `...', Array, false)
#3 E:\xampp\htdocs\wdpf55_ci\ci_furni_project\system\Model.php(237): CodeIgniter\Database\BaseBuilder->get()
#4 E:\xampp\htdocs\wdpf55_ci\ci_furni_project\system\BaseModel.php(624): CodeIgniter\Model->doFindAll(0, 0)
#5 E:\xampp\htdocs\wdpf55_ci\ci_furni_project\app\Controllers\Category.php(17): CodeIgniter\BaseModel->findAll()
#6 E:\xampp\htdocs\wdpf55_ci\ci_furni_project\system\CodeIgniter.php(942): App\Controllers\Category->index()
#7 E:\xampp\htdocs\wdpf55_ci\ci_furni_project\system\CodeIgniter.php(502): CodeIgniter\CodeIgniter->runController(Object(App\Controllers\Category))
#8 E:\xampp\htdocs\wdpf55_ci\ci_furni_project\system\CodeIgniter.php(361): CodeIgniter\CodeIgniter->handleRequest(NULL, Object(Config\Cache), false)
#9 E:\xampp\htdocs\wdpf55_ci\ci_furni_project\public\index.php(79): CodeIgniter\CodeIgniter->run()
#10 E:\xampp\htdocs\wdpf55_ci\ci_furni_project\system\Commands\Server\rewrite.php(47): require_once('E:\\xampp\\htdocs...')
#11 {main}
CRITICAL - 2023-12-19 11:07:49 --> Unable to connect to the database.
Main connection [MySQLi]: Access denied for user ''@'localhost' (using password: NO)
in SYSTEMPATH\Database\BaseConnection.php on line 428.
 1 SYSTEMPATH\Database\BaseConnection.php(575): CodeIgniter\Database\BaseConnection->initialize()
 2 SYSTEMPATH\Database\BaseBuilder.php(1615): CodeIgniter\Database\BaseConnection->query('SELECT *
FROM `product_category`', [], false)
 3 SYSTEMPATH\Model.php(237): CodeIgniter\Database\BaseBuilder->get()
 4 SYSTEMPATH\BaseModel.php(624): CodeIgniter\Model->doFindAll(0, 0)
 5 APPPATH\Controllers\Category.php(17): CodeIgniter\BaseModel->findAll()
 6 SYSTEMPATH\CodeIgniter.php(942): App\Controllers\Category->index()
 7 SYSTEMPATH\CodeIgniter.php(502): CodeIgniter\CodeIgniter->runController(Object(App\Controllers\Category))
 8 SYSTEMPATH\CodeIgniter.php(361): CodeIgniter\CodeIgniter->handleRequest(null, Object(Config\Cache), false)
 9 FCPATH\index.php(79): CodeIgniter\CodeIgniter->run()
10 SYSTEMPATH\Commands\Server\rewrite.php(47): require_once('E:\\xampp\\htdocs\\wdpf55_ci\\ci_furni_project\\public\\index.php')
ERROR - 2023-12-19 11:08:40 --> Error connecting to the database: mysqli_sql_exception: Incorrect database name 'furni_shop ' in E:\xampp\htdocs\wdpf55_ci\ci_furni_project\system\Database\MySQLi\Connection.php:184
Stack trace:
#0 E:\xampp\htdocs\wdpf55_ci\ci_furni_project\system\Database\MySQLi\Connection.php(184): mysqli->real_connect('localhost', 'root', Object(SensitiveParameterValue), 'furni_shop ', 3306, '', 0)
#1 E:\xampp\htdocs\wdpf55_ci\ci_furni_project\system\Database\BaseConnection.php(392): CodeIgniter\Database\MySQLi\Connection->connect(false)
#2 E:\xampp\htdocs\wdpf55_ci\ci_furni_project\system\Database\BaseConnection.php(575): CodeIgniter\Database\BaseConnection->initialize()
#3 E:\xampp\htdocs\wdpf55_ci\ci_furni_project\system\Database\BaseBuilder.php(1615): CodeIgniter\Database\BaseConnection->query('SELECT *\nFROM `...', Array, false)
#4 E:\xampp\htdocs\wdpf55_ci\ci_furni_project\system\Model.php(237): CodeIgniter\Database\BaseBuilder->get()
#5 E:\xampp\htdocs\wdpf55_ci\ci_furni_project\system\BaseModel.php(624): CodeIgniter\Model->doFindAll(0, 0)
#6 E:\xampp\htdocs\wdpf55_ci\ci_furni_project\app\Controllers\Category.php(17): CodeIgniter\BaseModel->findAll()
#7 E:\xampp\htdocs\wdpf55_ci\ci_furni_project\system\CodeIgniter.php(942): App\Controllers\Category->index()
#8 E:\xampp\htdocs\wdpf55_ci\ci_furni_project\system\CodeIgniter.php(502): CodeIgniter\CodeIgniter->runController(Object(App\Controllers\Category))
#9 E:\xampp\htdocs\wdpf55_ci\ci_furni_project\system\CodeIgniter.php(361): CodeIgniter\CodeIgniter->handleRequest(NULL, Object(Config\Cache), false)
#10 E:\xampp\htdocs\wdpf55_ci\ci_furni_project\public\index.php(79): CodeIgniter\CodeIgniter->run()
#11 E:\xampp\htdocs\wdpf55_ci\ci_furni_project\system\Commands\Server\rewrite.php(47): require_once('E:\\xampp\\htdocs...')
#12 {main}

Next CodeIgniter\Database\Exceptions\DatabaseException: Incorrect database name 'furni_shop ' in E:\xampp\htdocs\wdpf55_ci\ci_furni_project\system\Database\MySQLi\Connection.php:229
Stack trace:
#0 E:\xampp\htdocs\wdpf55_ci\ci_furni_project\system\Database\BaseConnection.php(392): CodeIgniter\Database\MySQLi\Connection->connect(false)
#1 E:\xampp\htdocs\wdpf55_ci\ci_furni_project\system\Database\BaseConnection.php(575): CodeIgniter\Database\BaseConnection->initialize()
#2 E:\xampp\htdocs\wdpf55_ci\ci_furni_project\system\Database\BaseBuilder.php(1615): CodeIgniter\Database\BaseConnection->query('SELECT *\nFROM `...', Array, false)
#3 E:\xampp\htdocs\wdpf55_ci\ci_furni_project\system\Model.php(237): CodeIgniter\Database\BaseBuilder->get()
#4 E:\xampp\htdocs\wdpf55_ci\ci_furni_project\system\BaseModel.php(624): CodeIgniter\Model->doFindAll(0, 0)
#5 E:\xampp\htdocs\wdpf55_ci\ci_furni_project\app\Controllers\Category.php(17): CodeIgniter\BaseModel->findAll()
#6 E:\xampp\htdocs\wdpf55_ci\ci_furni_project\system\CodeIgniter.php(942): App\Controllers\Category->index()
#7 E:\xampp\htdocs\wdpf55_ci\ci_furni_project\system\CodeIgniter.php(502): CodeIgniter\CodeIgniter->runController(Object(App\Controllers\Category))
#8 E:\xampp\htdocs\wdpf55_ci\ci_furni_project\system\CodeIgniter.php(361): CodeIgniter\CodeIgniter->handleRequest(NULL, Object(Config\Cache), false)
#9 E:\xampp\htdocs\wdpf55_ci\ci_furni_project\public\index.php(79): CodeIgniter\CodeIgniter->run()
#10 E:\xampp\htdocs\wdpf55_ci\ci_furni_project\system\Commands\Server\rewrite.php(47): require_once('E:\\xampp\\htdocs...')
#11 {main}
CRITICAL - 2023-12-19 11:08:40 --> Unable to connect to the database.
Main connection [MySQLi]: Incorrect database name 'furni_shop '
in SYSTEMPATH\Database\BaseConnection.php on line 428.
 1 SYSTEMPATH\Database\BaseConnection.php(575): CodeIgniter\Database\BaseConnection->initialize()
 2 SYSTEMPATH\Database\BaseBuilder.php(1615): CodeIgniter\Database\BaseConnection->query('SELECT *
FROM `product_category`', [], false)
 3 SYSTEMPATH\Model.php(237): CodeIgniter\Database\BaseBuilder->get()
 4 SYSTEMPATH\BaseModel.php(624): CodeIgniter\Model->doFindAll(0, 0)
 5 APPPATH\Controllers\Category.php(17): CodeIgniter\BaseModel->findAll()
 6 SYSTEMPATH\CodeIgniter.php(942): App\Controllers\Category->index()
 7 SYSTEMPATH\CodeIgniter.php(502): CodeIgniter\CodeIgniter->runController(Object(App\Controllers\Category))
 8 SYSTEMPATH\CodeIgniter.php(361): CodeIgniter\CodeIgniter->handleRequest(null, Object(Config\Cache), false)
 9 FCPATH\index.php(79): CodeIgniter\CodeIgniter->run()
10 SYSTEMPATH\Commands\Server\rewrite.php(47): require_once('E:\\xampp\\htdocs\\wdpf55_ci\\ci_furni_project\\public\\index.php')
ERROR - 2023-12-19 11:08:42 --> Error connecting to the database: mysqli_sql_exception: Incorrect database name 'furni_shop ' in E:\xampp\htdocs\wdpf55_ci\ci_furni_project\system\Database\MySQLi\Connection.php:184
Stack trace:
#0 E:\xampp\htdocs\wdpf55_ci\ci_furni_project\system\Database\MySQLi\Connection.php(184): mysqli->real_connect('localhost', 'root', Object(SensitiveParameterValue), 'furni_shop ', 3306, '', 0)
#1 E:\xampp\htdocs\wdpf55_ci\ci_furni_project\system\Database\BaseConnection.php(392): CodeIgniter\Database\MySQLi\Connection->connect(false)
#2 E:\xampp\htdocs\wdpf55_ci\ci_furni_project\system\Database\BaseConnection.php(575): CodeIgniter\Database\BaseConnection->initialize()
#3 E:\xampp\htdocs\wdpf55_ci\ci_furni_project\system\Database\BaseBuilder.php(1615): CodeIgniter\Database\BaseConnection->query('SELECT *\nFROM `...', Array, false)
#4 E:\xampp\htdocs\wdpf55_ci\ci_furni_project\system\Model.php(237): CodeIgniter\Database\BaseBuilder->get()
#5 E:\xampp\htdocs\wdpf55_ci\ci_furni_project\system\BaseModel.php(624): CodeIgniter\Model->doFindAll(0, 0)
#6 E:\xampp\htdocs\wdpf55_ci\ci_furni_project\app\Controllers\Category.php(17): CodeIgniter\BaseModel->findAll()
#7 E:\xampp\htdocs\wdpf55_ci\ci_furni_project\system\CodeIgniter.php(942): App\Controllers\Category->index()
#8 E:\xampp\htdocs\wdpf55_ci\ci_furni_project\system\CodeIgniter.php(502): CodeIgniter\CodeIgniter->runController(Object(App\Controllers\Category))
#9 E:\xampp\htdocs\wdpf55_ci\ci_furni_project\system\CodeIgniter.php(361): CodeIgniter\CodeIgniter->handleRequest(NULL, Object(Config\Cache), false)
#10 E:\xampp\htdocs\wdpf55_ci\ci_furni_project\public\index.php(79): CodeIgniter\CodeIgniter->run()
#11 E:\xampp\htdocs\wdpf55_ci\ci_furni_project\system\Commands\Server\rewrite.php(47): require_once('E:\\xampp\\htdocs...')
#12 {main}

Next CodeIgniter\Database\Exceptions\DatabaseException: Incorrect database name 'furni_shop ' in E:\xampp\htdocs\wdpf55_ci\ci_furni_project\system\Database\MySQLi\Connection.php:229
Stack trace:
#0 E:\xampp\htdocs\wdpf55_ci\ci_furni_project\system\Database\BaseConnection.php(392): CodeIgniter\Database\MySQLi\Connection->connect(false)
#1 E:\xampp\htdocs\wdpf55_ci\ci_furni_project\system\Database\BaseConnection.php(575): CodeIgniter\Database\BaseConnection->initialize()
#2 E:\xampp\htdocs\wdpf55_ci\ci_furni_project\system\Database\BaseBuilder.php(1615): CodeIgniter\Database\BaseConnection->query('SELECT *\nFROM `...', Array, false)
#3 E:\xampp\htdocs\wdpf55_ci\ci_furni_project\system\Model.php(237): CodeIgniter\Database\BaseBuilder->get()
#4 E:\xampp\htdocs\wdpf55_ci\ci_furni_project\system\BaseModel.php(624): CodeIgniter\Model->doFindAll(0, 0)
#5 E:\xampp\htdocs\wdpf55_ci\ci_furni_project\app\Controllers\Category.php(17): CodeIgniter\BaseModel->findAll()
#6 E:\xampp\htdocs\wdpf55_ci\ci_furni_project\system\CodeIgniter.php(942): App\Controllers\Category->index()
#7 E:\xampp\htdocs\wdpf55_ci\ci_furni_project\system\CodeIgniter.php(502): CodeIgniter\CodeIgniter->runController(Object(App\Controllers\Category))
#8 E:\xampp\htdocs\wdpf55_ci\ci_furni_project\system\CodeIgniter.php(361): CodeIgniter\CodeIgniter->handleRequest(NULL, Object(Config\Cache), false)
#9 E:\xampp\htdocs\wdpf55_ci\ci_furni_project\public\index.php(79): CodeIgniter\CodeIgniter->run()
#10 E:\xampp\htdocs\wdpf55_ci\ci_furni_project\system\Commands\Server\rewrite.php(47): require_once('E:\\xampp\\htdocs...')
#11 {main}
CRITICAL - 2023-12-19 11:08:42 --> Unable to connect to the database.
Main connection [MySQLi]: Incorrect database name 'furni_shop '
in SYSTEMPATH\Database\BaseConnection.php on line 428.
 1 SYSTEMPATH\Database\BaseConnection.php(575): CodeIgniter\Database\BaseConnection->initialize()
 2 SYSTEMPATH\Database\BaseBuilder.php(1615): CodeIgniter\Database\BaseConnection->query('SELECT *
FROM `product_category`', [], false)
 3 SYSTEMPATH\Model.php(237): CodeIgniter\Database\BaseBuilder->get()
 4 SYSTEMPATH\BaseModel.php(624): CodeIgniter\Model->doFindAll(0, 0)
 5 APPPATH\Controllers\Category.php(17): CodeIgniter\BaseModel->findAll()
 6 SYSTEMPATH\CodeIgniter.php(942): App\Controllers\Category->index()
 7 SYSTEMPATH\CodeIgniter.php(502): CodeIgniter\CodeIgniter->runController(Object(App\Controllers\Category))
 8 SYSTEMPATH\CodeIgniter.php(361): CodeIgniter\CodeIgniter->handleRequest(null, Object(Config\Cache), false)
 9 FCPATH\index.php(79): CodeIgniter\CodeIgniter->run()
10 SYSTEMPATH\Commands\Server\rewrite.php(47): require_once('E:\\xampp\\htdocs\\wdpf55_ci\\ci_furni_project\\public\\index.php')
ERROR - 2023-12-19 11:08:44 --> Error connecting to the database: mysqli_sql_exception: Incorrect database name 'furni_shop ' in E:\xampp\htdocs\wdpf55_ci\ci_furni_project\system\Database\MySQLi\Connection.php:184
Stack trace:
#0 E:\xampp\htdocs\wdpf55_ci\ci_furni_project\system\Database\MySQLi\Connection.php(184): mysqli->real_connect('localhost', 'root', Object(SensitiveParameterValue), 'furni_shop ', 3306, '', 0)
#1 E:\xampp\htdocs\wdpf55_ci\ci_furni_project\system\Database\BaseConnection.php(392): CodeIgniter\Database\MySQLi\Connection->connect(false)
#2 E:\xampp\htdocs\wdpf55_ci\ci_furni_project\system\Database\BaseConnection.php(575): CodeIgniter\Database\BaseConnection->initialize()
#3 E:\xampp\htdocs\wdpf55_ci\ci_furni_project\system\Database\BaseBuilder.php(1615): CodeIgniter\Database\BaseConnection->query('SELECT *\nFROM `...', Array, false)
#4 E:\xampp\htdocs\wdpf55_ci\ci_furni_project\system\Model.php(237): CodeIgniter\Database\BaseBuilder->get()
#5 E:\xampp\htdocs\wdpf55_ci\ci_furni_project\system\BaseModel.php(624): CodeIgniter\Model->doFindAll(0, 0)
#6 E:\xampp\htdocs\wdpf55_ci\ci_furni_project\app\Controllers\Category.php(17): CodeIgniter\BaseModel->findAll()
#7 E:\xampp\htdocs\wdpf55_ci\ci_furni_project\system\CodeIgniter.php(942): App\Controllers\Category->index()
#8 E:\xampp\htdocs\wdpf55_ci\ci_furni_project\system\CodeIgniter.php(502): CodeIgniter\CodeIgniter->runController(Object(App\Controllers\Category))
#9 E:\xampp\htdocs\wdpf55_ci\ci_furni_project\system\CodeIgniter.php(361): CodeIgniter\CodeIgniter->handleRequest(NULL, Object(Config\Cache), false)
#10 E:\xampp\htdocs\wdpf55_ci\ci_furni_project\public\index.php(79): CodeIgniter\CodeIgniter->run()
#11 E:\xampp\htdocs\wdpf55_ci\ci_furni_project\system\Commands\Server\rewrite.php(47): require_once('E:\\xampp\\htdocs...')
#12 {main}

Next CodeIgniter\Database\Exceptions\DatabaseException: Incorrect database name 'furni_shop ' in E:\xampp\htdocs\wdpf55_ci\ci_furni_project\system\Database\MySQLi\Connection.php:229
Stack trace:
#0 E:\xampp\htdocs\wdpf55_ci\ci_furni_project\system\Database\BaseConnection.php(392): CodeIgniter\Database\MySQLi\Connection->connect(false)
#1 E:\xampp\htdocs\wdpf55_ci\ci_furni_project\system\Database\BaseConnection.php(575): CodeIgniter\Database\BaseConnection->initialize()
#2 E:\xampp\htdocs\wdpf55_ci\ci_furni_project\system\Database\BaseBuilder.php(1615): CodeIgniter\Database\BaseConnection->query('SELECT *\nFROM `...', Array, false)
#3 E:\xampp\htdocs\wdpf55_ci\ci_furni_project\system\Model.php(237): CodeIgniter\Database\BaseBuilder->get()
#4 E:\xampp\htdocs\wdpf55_ci\ci_furni_project\system\BaseModel.php(624): CodeIgniter\Model->doFindAll(0, 0)
#5 E:\xampp\htdocs\wdpf55_ci\ci_furni_project\app\Controllers\Category.php(17): CodeIgniter\BaseModel->findAll()
#6 E:\xampp\htdocs\wdpf55_ci\ci_furni_project\system\CodeIgniter.php(942): App\Controllers\Category->index()
#7 E:\xampp\htdocs\wdpf55_ci\ci_furni_project\system\CodeIgniter.php(502): CodeIgniter\CodeIgniter->runController(Object(App\Controllers\Category))
#8 E:\xampp\htdocs\wdpf55_ci\ci_furni_project\system\CodeIgniter.php(361): CodeIgniter\CodeIgniter->handleRequest(NULL, Object(Config\Cache), false)
#9 E:\xampp\htdocs\wdpf55_ci\ci_furni_project\public\index.php(79): CodeIgniter\CodeIgniter->run()
#10 E:\xampp\htdocs\wdpf55_ci\ci_furni_project\system\Commands\Server\rewrite.php(47): require_once('E:\\xampp\\htdocs...')
#11 {main}
CRITICAL - 2023-12-19 11:08:44 --> Unable to connect to the database.
Main connection [MySQLi]: Incorrect database name 'furni_shop '
in SYSTEMPATH\Database\BaseConnection.php on line 428.
 1 SYSTEMPATH\Database\BaseConnection.php(575): CodeIgniter\Database\BaseConnection->initialize()
 2 SYSTEMPATH\Database\BaseBuilder.php(1615): CodeIgniter\Database\BaseConnection->query('SELECT *
FROM `product_category`', [], false)
 3 SYSTEMPATH\Model.php(237): CodeIgniter\Database\BaseBuilder->get()
 4 SYSTEMPATH\BaseModel.php(624): CodeIgniter\Model->doFindAll(0, 0)
 5 APPPATH\Controllers\Category.php(17): CodeIgniter\BaseModel->findAll()
 6 SYSTEMPATH\CodeIgniter.php(942): App\Controllers\Category->index()
 7 SYSTEMPATH\CodeIgniter.php(502): CodeIgniter\CodeIgniter->runController(Object(App\Controllers\Category))
 8 SYSTEMPATH\CodeIgniter.php(361): CodeIgniter\CodeIgniter->handleRequest(null, Object(Config\Cache), false)
 9 FCPATH\index.php(79): CodeIgniter\CodeIgniter->run()
10 SYSTEMPATH\Commands\Server\rewrite.php(47): require_once('E:\\xampp\\htdocs\\wdpf55_ci\\ci_furni_project\\public\\index.php')
CRITICAL - 2023-12-19 11:08:57 --> Undefined variable $category
in APPPATH\Views\category\categorylist.php on line 67.
 1 APPPATH\Views\category\categorylist.php(67): CodeIgniter\Debug\Exceptions->errorHandler(2, 'Undefined variable $category', 'E:\\xampp\\htdocs\\wdpf55_ci\\ci_furni_project\\app\\Views\\category\\categorylist.php', 67)
 2 SYSTEMPATH\View\View.php(228): include('E:\\xampp\\htdocs\\wdpf55_ci\\ci_furni_project\\app\\Views\\category\\categorylist.php')
 3 SYSTEMPATH\View\View.php(231): CodeIgniter\View\View->CodeIgniter\View\{closure}()
 4 SYSTEMPATH\Common.php(1190): CodeIgniter\View\View->render('category/categorylist', [], true)
 5 APPPATH\Controllers\Category.php(18): view('category/categorylist')
 6 SYSTEMPATH\CodeIgniter.php(942): App\Controllers\Category->index()
 7 SYSTEMPATH\CodeIgniter.php(502): CodeIgniter\CodeIgniter->runController(Object(App\Controllers\Category))
 8 SYSTEMPATH\CodeIgniter.php(361): CodeIgniter\CodeIgniter->handleRequest(null, Object(Config\Cache), false)
 9 FCPATH\index.php(79): CodeIgniter\CodeIgniter->run()
10 SYSTEMPATH\Commands\Server\rewrite.php(47): require_once('E:\\xampp\\htdocs\\wdpf55_ci\\ci_furni_project\\public\\index.php')
CRITICAL - 2023-12-19 11:08:58 --> Undefined variable $category
in APPPATH\Views\category\categorylist.php on line 67.
 1 APPPATH\Views\category\categorylist.php(67): CodeIgniter\Debug\Exceptions->errorHandler(2, 'Undefined variable $category', 'E:\\xampp\\htdocs\\wdpf55_ci\\ci_furni_project\\app\\Views\\category\\categorylist.php', 67)
 2 SYSTEMPATH\View\View.php(228): include('E:\\xampp\\htdocs\\wdpf55_ci\\ci_furni_project\\app\\Views\\category\\categorylist.php')
 3 SYSTEMPATH\View\View.php(231): CodeIgniter\View\View->CodeIgniter\View\{closure}()
 4 SYSTEMPATH\Common.php(1190): CodeIgniter\View\View->render('category/categorylist', [], true)
 5 APPPATH\Controllers\Category.php(18): view('category/categorylist')
 6 SYSTEMPATH\CodeIgniter.php(942): App\Controllers\Category->index()
 7 SYSTEMPATH\CodeIgniter.php(502): CodeIgniter\CodeIgniter->runController(Object(App\Controllers\Category))
 8 SYSTEMPATH\CodeIgniter.php(361): CodeIgniter\CodeIgniter->handleRequest(null, Object(Config\Cache), false)
 9 FCPATH\index.php(79): CodeIgniter\CodeIgniter->run()
10 SYSTEMPATH\Commands\Server\rewrite.php(47): require_once('E:\\xampp\\htdocs\\wdpf55_ci\\ci_furni_project\\public\\index.php')
CRITICAL - 2023-12-19 11:08:58 --> Undefined variable $category
in APPPATH\Views\category\categorylist.php on line 67.
 1 APPPATH\Views\category\categorylist.php(67): CodeIgniter\Debug\Exceptions->errorHandler(2, 'Undefined variable $category', 'E:\\xampp\\htdocs\\wdpf55_ci\\ci_furni_project\\app\\Views\\category\\categorylist.php', 67)
 2 SYSTEMPATH\View\View.php(228): include('E:\\xampp\\htdocs\\wdpf55_ci\\ci_furni_project\\app\\Views\\category\\categorylist.php')
 3 SYSTEMPATH\View\View.php(231): CodeIgniter\View\View->CodeIgniter\View\{closure}()
 4 SYSTEMPATH\Common.php(1190): CodeIgniter\View\View->render('category/categorylist', [], true)
 5 APPPATH\Controllers\Category.php(18): view('category/categorylist')
 6 SYSTEMPATH\CodeIgniter.php(942): App\Controllers\Category->index()
 7 SYSTEMPATH\CodeIgniter.php(502): CodeIgniter\CodeIgniter->runController(Object(App\Controllers\Category))
 8 SYSTEMPATH\CodeIgniter.php(361): CodeIgniter\CodeIgniter->handleRequest(null, Object(Config\Cache), false)
 9 FCPATH\index.php(79): CodeIgniter\CodeIgniter->run()
10 SYSTEMPATH\Commands\Server\rewrite.php(47): require_once('E:\\xampp\\htdocs\\wdpf55_ci\\ci_furni_project\\public\\index.php')
CRITICAL - 2023-12-19 11:08:58 --> Undefined variable $category
in APPPATH\Views\category\categorylist.php on line 67.
 1 APPPATH\Views\category\categorylist.php(67): CodeIgniter\Debug\Exceptions->errorHandler(2, 'Undefined variable $category', 'E:\\xampp\\htdocs\\wdpf55_ci\\ci_furni_project\\app\\Views\\category\\categorylist.php', 67)
 2 SYSTEMPATH\View\View.php(228): include('E:\\xampp\\htdocs\\wdpf55_ci\\ci_furni_project\\app\\Views\\category\\categorylist.php')
 3 SYSTEMPATH\View\View.php(231): CodeIgniter\View\View->CodeIgniter\View\{closure}()
 4 SYSTEMPATH\Common.php(1190): CodeIgniter\View\View->render('category/categorylist', [], true)
 5 APPPATH\Controllers\Category.php(18): view('category/categorylist')
 6 SYSTEMPATH\CodeIgniter.php(942): App\Controllers\Category->index()
 7 SYSTEMPATH\CodeIgniter.php(502): CodeIgniter\CodeIgniter->runController(Object(App\Controllers\Category))
 8 SYSTEMPATH\CodeIgniter.php(361): CodeIgniter\CodeIgniter->handleRequest(null, Object(Config\Cache), false)
 9 FCPATH\index.php(79): CodeIgniter\CodeIgniter->run()
10 SYSTEMPATH\Commands\Server\rewrite.php(47): require_once('E:\\xampp\\htdocs\\wdpf55_ci\\ci_furni_project\\public\\index.php')
CRITICAL - 2023-12-19 12:02:01 --> Undefined variable $a
in APPPATH\Views\message\messagelist.php on line 67.
 1 APPPATH\Views\message\messagelist.php(67): CodeIgniter\Debug\Exceptions->errorHandler(2, 'Undefined variable $a', 'E:\\xampp\\htdocs\\wdpf55_ci\\ci_furni_project\\app\\Views\\message\\messagelist.php', 67)
 2 SYSTEMPATH\View\View.php(228): include('E:\\xampp\\htdocs\\wdpf55_ci\\ci_furni_project\\app\\Views\\message\\messagelist.php')
 3 SYSTEMPATH\View\View.php(231): CodeIgniter\View\View->CodeIgniter\View\{closure}()
 4 SYSTEMPATH\Common.php(1190): CodeIgniter\View\View->render('message/messagelist', [], true)
 5 APPPATH\Controllers\Message.php(18): view('message/messagelist', [...])
 6 SYSTEMPATH\CodeIgniter.php(942): App\Controllers\Message->index()
 7 SYSTEMPATH\CodeIgniter.php(502): CodeIgniter\CodeIgniter->runController(Object(App\Controllers\Message))
 8 SYSTEMPATH\CodeIgniter.php(361): CodeIgniter\CodeIgniter->handleRequest(null, Object(Config\Cache), false)
 9 FCPATH\index.php(79): CodeIgniter\CodeIgniter->run()
10 SYSTEMPATH\Commands\Server\rewrite.php(47): require_once('E:\\xampp\\htdocs\\wdpf55_ci\\ci_furni_project\\public\\index.php')
CRITICAL - 2023-12-19 12:02:02 --> Undefined variable $a
in APPPATH\Views\message\messagelist.php on line 67.
 1 APPPATH\Views\message\messagelist.php(67): CodeIgniter\Debug\Exceptions->errorHandler(2, 'Undefined variable $a', 'E:\\xampp\\htdocs\\wdpf55_ci\\ci_furni_project\\app\\Views\\message\\messagelist.php', 67)
 2 SYSTEMPATH\View\View.php(228): include('E:\\xampp\\htdocs\\wdpf55_ci\\ci_furni_project\\app\\Views\\message\\messagelist.php')
 3 SYSTEMPATH\View\View.php(231): CodeIgniter\View\View->CodeIgniter\View\{closure}()
 4 SYSTEMPATH\Common.php(1190): CodeIgniter\View\View->render('message/messagelist', [], true)
 5 APPPATH\Controllers\Message.php(18): view('message/messagelist', [...])
 6 SYSTEMPATH\CodeIgniter.php(942): App\Controllers\Message->index()
 7 SYSTEMPATH\CodeIgniter.php(502): CodeIgniter\CodeIgniter->runController(Object(App\Controllers\Message))
 8 SYSTEMPATH\CodeIgniter.php(361): CodeIgniter\CodeIgniter->handleRequest(null, Object(Config\Cache), false)
 9 FCPATH\index.php(79): CodeIgniter\CodeIgniter->run()
10 SYSTEMPATH\Commands\Server\rewrite.php(47): require_once('E:\\xampp\\htdocs\\wdpf55_ci\\ci_furni_project\\public\\index.php')
