CRITICAL - 2023-12-21 03:25:48 --> Undefined variable $title
in APPPATH\Views\product\productlist.php on line 12.
 1 APPPATH\Views\product\productlist.php(12): CodeIgniter\Debug\Exceptions->errorHandler(2, 'Undefined variable $title', 'E:\\xampp\\htdocs\\wdpf55_ci\\ci_furni_project\\app\\Views\\product\\productlist.php', 12)
 2 SYSTEMPATH\View\View.php(228): include('E:\\xampp\\htdocs\\wdpf55_ci\\ci_furni_project\\app\\Views\\product\\productlist.php')
 3 SYSTEMPATH\View\View.php(231): CodeIgniter\View\View->CodeIgniter\View\{closure}()
 4 SYSTEMPATH\Common.php(1190): CodeIgniter\View\View->render('product/productlist', [], true)
 5 APPPATH\Controllers\Product.php(13): view('product/productlist')
 6 SYSTEMPATH\CodeIgniter.php(942): App\Controllers\Product->index()
 7 SYSTEMPATH\CodeIgniter.php(502): CodeIgniter\CodeIgniter->runController(Object(App\Controllers\Product))
 8 SYSTEMPATH\CodeIgniter.php(361): CodeIgniter\CodeIgniter->handleRequest(null, Object(Config\Cache), false)
 9 FCPATH\index.php(79): CodeIgniter\CodeIgniter->run()
10 SYSTEMPATH\Commands\Server\rewrite.php(47): require_once('E:\\xampp\\htdocs\\wdpf55_ci\\ci_furni_project\\public\\index.php')
CRITICAL - 2023-12-21 03:25:49 --> Undefined variable $title
in APPPATH\Views\product\productlist.php on line 12.
 1 APPPATH\Views\product\productlist.php(12): CodeIgniter\Debug\Exceptions->errorHandler(2, 'Undefined variable $title', 'E:\\xampp\\htdocs\\wdpf55_ci\\ci_furni_project\\app\\Views\\product\\productlist.php', 12)
 2 SYSTEMPATH\View\View.php(228): include('E:\\xampp\\htdocs\\wdpf55_ci\\ci_furni_project\\app\\Views\\product\\productlist.php')
 3 SYSTEMPATH\View\View.php(231): CodeIgniter\View\View->CodeIgniter\View\{closure}()
 4 SYSTEMPATH\Common.php(1190): CodeIgniter\View\View->render('product/productlist', [], true)
 5 APPPATH\Controllers\Product.php(13): view('product/productlist')
 6 SYSTEMPATH\CodeIgniter.php(942): App\Controllers\Product->index()
 7 SYSTEMPATH\CodeIgniter.php(502): CodeIgniter\CodeIgniter->runController(Object(App\Controllers\Product))
 8 SYSTEMPATH\CodeIgniter.php(361): CodeIgniter\CodeIgniter->handleRequest(null, Object(Config\Cache), false)
 9 FCPATH\index.php(79): CodeIgniter\CodeIgniter->run()
10 SYSTEMPATH\Commands\Server\rewrite.php(47): require_once('E:\\xampp\\htdocs\\wdpf55_ci\\ci_furni_project\\public\\index.php')
CRITICAL - 2023-12-21 03:25:55 --> Undefined variable $title
in APPPATH\Views\product\productlist.php on line 12.
 1 APPPATH\Views\product\productlist.php(12): CodeIgniter\Debug\Exceptions->errorHandler(2, 'Undefined variable $title', 'E:\\xampp\\htdocs\\wdpf55_ci\\ci_furni_project\\app\\Views\\product\\productlist.php', 12)
 2 SYSTEMPATH\View\View.php(228): include('E:\\xampp\\htdocs\\wdpf55_ci\\ci_furni_project\\app\\Views\\product\\productlist.php')
 3 SYSTEMPATH\View\View.php(231): CodeIgniter\View\View->CodeIgniter\View\{closure}()
 4 SYSTEMPATH\Common.php(1190): CodeIgniter\View\View->render('product/productlist', [], true)
 5 APPPATH\Controllers\Product.php(13): view('product/productlist')
 6 SYSTEMPATH\CodeIgniter.php(942): App\Controllers\Product->index()
 7 SYSTEMPATH\CodeIgniter.php(502): CodeIgniter\CodeIgniter->runController(Object(App\Controllers\Product))
 8 SYSTEMPATH\CodeIgniter.php(361): CodeIgniter\CodeIgniter->handleRequest(null, Object(Config\Cache), false)
 9 FCPATH\index.php(79): CodeIgniter\CodeIgniter->run()
10 SYSTEMPATH\Commands\Server\rewrite.php(47): require_once('E:\\xampp\\htdocs\\wdpf55_ci\\ci_furni_project\\public\\index.php')
CRITICAL - 2023-12-21 03:30:24 --> Undefined variable $title
in APPPATH\Views\product\productlist.php on line 12.
 1 APPPATH\Views\product\productlist.php(12): CodeIgniter\Debug\Exceptions->errorHandler(2, 'Undefined variable $title', 'E:\\xampp\\htdocs\\wdpf55_ci\\ci_furni_project\\app\\Views\\product\\productlist.php', 12)
 2 SYSTEMPATH\View\View.php(228): include('E:\\xampp\\htdocs\\wdpf55_ci\\ci_furni_project\\app\\Views\\product\\productlist.php')
 3 SYSTEMPATH\View\View.php(231): CodeIgniter\View\View->CodeIgniter\View\{closure}()
 4 SYSTEMPATH\Common.php(1190): CodeIgniter\View\View->render('product/productlist', [], true)
 5 APPPATH\Controllers\Product.php(13): view('product/productlist')
 6 SYSTEMPATH\CodeIgniter.php(942): App\Controllers\Product->index()
 7 SYSTEMPATH\CodeIgniter.php(502): CodeIgniter\CodeIgniter->runController(Object(App\Controllers\Product))
 8 SYSTEMPATH\CodeIgniter.php(361): CodeIgniter\CodeIgniter->handleRequest(null, Object(Config\Cache), false)
 9 FCPATH\index.php(79): CodeIgniter\CodeIgniter->run()
10 SYSTEMPATH\Commands\Server\rewrite.php(47): require_once('E:\\xampp\\htdocs\\wdpf55_ci\\ci_furni_project\\public\\index.php')
CRITICAL - 2023-12-21 03:30:30 --> Undefined variable $title
in APPPATH\Views\product\productlist.php on line 12.
 1 APPPATH\Views\product\productlist.php(12): CodeIgniter\Debug\Exceptions->errorHandler(2, 'Undefined variable $title', 'E:\\xampp\\htdocs\\wdpf55_ci\\ci_furni_project\\app\\Views\\product\\productlist.php', 12)
 2 SYSTEMPATH\View\View.php(228): include('E:\\xampp\\htdocs\\wdpf55_ci\\ci_furni_project\\app\\Views\\product\\productlist.php')
 3 SYSTEMPATH\View\View.php(231): CodeIgniter\View\View->CodeIgniter\View\{closure}()
 4 SYSTEMPATH\Common.php(1190): CodeIgniter\View\View->render('product/productlist', [], true)
 5 APPPATH\Controllers\Product.php(13): view('product/productlist')
 6 SYSTEMPATH\CodeIgniter.php(942): App\Controllers\Product->index()
 7 SYSTEMPATH\CodeIgniter.php(502): CodeIgniter\CodeIgniter->runController(Object(App\Controllers\Product))
 8 SYSTEMPATH\CodeIgniter.php(361): CodeIgniter\CodeIgniter->handleRequest(null, Object(Config\Cache), false)
 9 FCPATH\index.php(79): CodeIgniter\CodeIgniter->run()
10 SYSTEMPATH\Commands\Server\rewrite.php(47): require_once('E:\\xampp\\htdocs\\wdpf55_ci\\ci_furni_project\\public\\index.php')
CRITICAL - 2023-12-21 03:37:28 --> Undefined variable $title
in APPPATH\Views\product\productlist.php on line 12.
 1 APPPATH\Views\product\productlist.php(12): CodeIgniter\Debug\Exceptions->errorHandler(2, 'Undefined variable $title', 'E:\\xampp\\htdocs\\wdpf55_ci\\ci_furni_project\\app\\Views\\product\\productlist.php', 12)
 2 SYSTEMPATH\View\View.php(228): include('E:\\xampp\\htdocs\\wdpf55_ci\\ci_furni_project\\app\\Views\\product\\productlist.php')
 3 SYSTEMPATH\View\View.php(231): CodeIgniter\View\View->CodeIgniter\View\{closure}()
 4 SYSTEMPATH\Common.php(1190): CodeIgniter\View\View->render('product/productlist', [], true)
 5 APPPATH\Controllers\Product.php(13): view('product/productlist')
 6 SYSTEMPATH\CodeIgniter.php(942): App\Controllers\Product->index()
 7 SYSTEMPATH\CodeIgniter.php(502): CodeIgniter\CodeIgniter->runController(Object(App\Controllers\Product))
 8 SYSTEMPATH\CodeIgniter.php(361): CodeIgniter\CodeIgniter->handleRequest(null, Object(Config\Cache), false)
 9 FCPATH\index.php(79): CodeIgniter\CodeIgniter->run()
10 SYSTEMPATH\Commands\Server\rewrite.php(47): require_once('E:\\xampp\\htdocs\\wdpf55_ci\\ci_furni_project\\public\\index.php')
CRITICAL - 2023-12-21 03:39:07 --> Undefined variable $title
in APPPATH\Views\product\productlist.php on line 12.
 1 APPPATH\Views\product\productlist.php(12): CodeIgniter\Debug\Exceptions->errorHandler(2, 'Undefined variable $title', 'E:\\xampp\\htdocs\\wdpf55_ci\\ci_furni_project\\app\\Views\\product\\productlist.php', 12)
 2 SYSTEMPATH\View\View.php(228): include('E:\\xampp\\htdocs\\wdpf55_ci\\ci_furni_project\\app\\Views\\product\\productlist.php')
 3 SYSTEMPATH\View\View.php(231): CodeIgniter\View\View->CodeIgniter\View\{closure}()
 4 SYSTEMPATH\Common.php(1190): CodeIgniter\View\View->render('product/productlist', [], true)
 5 APPPATH\Controllers\Product.php(13): view('product/productlist')
 6 SYSTEMPATH\CodeIgniter.php(942): App\Controllers\Product->index()
 7 SYSTEMPATH\CodeIgniter.php(502): CodeIgniter\CodeIgniter->runController(Object(App\Controllers\Product))
 8 SYSTEMPATH\CodeIgniter.php(361): CodeIgniter\CodeIgniter->handleRequest(null, Object(Config\Cache), false)
 9 FCPATH\index.php(79): CodeIgniter\CodeIgniter->run()
10 SYSTEMPATH\Commands\Server\rewrite.php(47): require_once('E:\\xampp\\htdocs\\wdpf55_ci\\ci_furni_project\\public\\index.php')
CRITICAL - 2023-12-21 03:46:01 --> Undefined variable $title
in APPPATH\Views\product\productlist.php on line 12.
 1 APPPATH\Views\product\productlist.php(12): CodeIgniter\Debug\Exceptions->errorHandler(2, 'Undefined variable $title', 'E:\\xampp\\htdocs\\wdpf55_ci\\ci_furni_project\\app\\Views\\product\\productlist.php', 12)
 2 SYSTEMPATH\View\View.php(228): include('E:\\xampp\\htdocs\\wdpf55_ci\\ci_furni_project\\app\\Views\\product\\productlist.php')
 3 SYSTEMPATH\View\View.php(231): CodeIgniter\View\View->CodeIgniter\View\{closure}()
 4 SYSTEMPATH\Common.php(1190): CodeIgniter\View\View->render('product/productlist', [], true)
 5 APPPATH\Controllers\Product.php(13): view('product/productlist')
 6 SYSTEMPATH\CodeIgniter.php(942): App\Controllers\Product->index()
 7 SYSTEMPATH\CodeIgniter.php(502): CodeIgniter\CodeIgniter->runController(Object(App\Controllers\Product))
 8 SYSTEMPATH\CodeIgniter.php(361): CodeIgniter\CodeIgniter->handleRequest(null, Object(Config\Cache), false)
 9 FCPATH\index.php(79): CodeIgniter\CodeIgniter->run()
10 SYSTEMPATH\Commands\Server\rewrite.php(47): require_once('E:\\xampp\\htdocs\\wdpf55_ci\\ci_furni_project\\public\\index.php')
CRITICAL - 2023-12-21 03:46:51 --> Undefined variable $title
in APPPATH\Views\product\productlist.php on line 12.
 1 APPPATH\Views\product\productlist.php(12): CodeIgniter\Debug\Exceptions->errorHandler(2, 'Undefined variable $title', 'E:\\xampp\\htdocs\\wdpf55_ci\\ci_furni_project\\app\\Views\\product\\productlist.php', 12)
 2 SYSTEMPATH\View\View.php(228): include('E:\\xampp\\htdocs\\wdpf55_ci\\ci_furni_project\\app\\Views\\product\\productlist.php')
 3 SYSTEMPATH\View\View.php(231): CodeIgniter\View\View->CodeIgniter\View\{closure}()
 4 SYSTEMPATH\Common.php(1190): CodeIgniter\View\View->render('product/productlist', [], true)
 5 APPPATH\Controllers\Product.php(13): view('product/productlist')
 6 SYSTEMPATH\CodeIgniter.php(942): App\Controllers\Product->index()
 7 SYSTEMPATH\CodeIgniter.php(502): CodeIgniter\CodeIgniter->runController(Object(App\Controllers\Product))
 8 SYSTEMPATH\CodeIgniter.php(361): CodeIgniter\CodeIgniter->handleRequest(null, Object(Config\Cache), false)
 9 FCPATH\index.php(79): CodeIgniter\CodeIgniter->run()
10 SYSTEMPATH\Commands\Server\rewrite.php(47): require_once('E:\\xampp\\htdocs\\wdpf55_ci\\ci_furni_project\\public\\index.php')
CRITICAL - 2023-12-21 03:51:41 --> Undefined variable $title
in APPPATH\Views\product\productlist.php on line 12.
 1 APPPATH\Views\product\productlist.php(12): CodeIgniter\Debug\Exceptions->errorHandler(2, 'Undefined variable $title', 'E:\\xampp\\htdocs\\wdpf55_ci\\ci_furni_project\\app\\Views\\product\\productlist.php', 12)
 2 SYSTEMPATH\View\View.php(228): include('E:\\xampp\\htdocs\\wdpf55_ci\\ci_furni_project\\app\\Views\\product\\productlist.php')
 3 SYSTEMPATH\View\View.php(231): CodeIgniter\View\View->CodeIgniter\View\{closure}()
 4 SYSTEMPATH\Common.php(1190): CodeIgniter\View\View->render('product/productlist', [], true)
 5 APPPATH\Controllers\Product.php(13): view('product/productlist')
 6 SYSTEMPATH\CodeIgniter.php(942): App\Controllers\Product->index()
 7 SYSTEMPATH\CodeIgniter.php(502): CodeIgniter\CodeIgniter->runController(Object(App\Controllers\Product))
 8 SYSTEMPATH\CodeIgniter.php(361): CodeIgniter\CodeIgniter->handleRequest(null, Object(Config\Cache), false)
 9 FCPATH\index.php(79): CodeIgniter\CodeIgniter->run()
10 SYSTEMPATH\Commands\Server\rewrite.php(47): require_once('E:\\xampp\\htdocs\\wdpf55_ci\\ci_furni_project\\public\\index.php')
CRITICAL - 2023-12-21 04:51:43 --> syntax error, unexpected token "=>"
in APPPATH\Controllers\Category.php on line 24.
 1 SYSTEMPATH\Autoloader\Autoloader.php(291): CodeIgniter\Autoloader\Autoloader->includeFile('E:\\xampp\\htdocs\\wdpf55_ci\\ci_furni_project\\app\\Controllers\\Category.php')
 2 SYSTEMPATH\Autoloader\Autoloader.php(269): CodeIgniter\Autoloader\Autoloader->loadInNamespace('App\\Controllers\\Category')
 3 [internal function]: CodeIgniter\Autoloader\Autoloader->loadClass('App\\Controllers\\Category')
 4 SYSTEMPATH\CodeIgniter.php(900): class_exists('\\App\\Controllers\\Category', true)
 5 SYSTEMPATH\CodeIgniter.php(489): CodeIgniter\CodeIgniter->startController()
 6 SYSTEMPATH\CodeIgniter.php(361): CodeIgniter\CodeIgniter->handleRequest(null, Object(Config\Cache), false)
 7 FCPATH\index.php(79): CodeIgniter\CodeIgniter->run()
 8 SYSTEMPATH\Commands\Server\rewrite.php(47): require_once('E:\\xampp\\htdocs\\wdpf55_ci\\ci_furni_project\\public\\index.php')
CRITICAL - 2023-12-21 04:51:45 --> syntax error, unexpected token "=>"
in APPPATH\Controllers\Category.php on line 24.
 1 SYSTEMPATH\Autoloader\Autoloader.php(291): CodeIgniter\Autoloader\Autoloader->includeFile('E:\\xampp\\htdocs\\wdpf55_ci\\ci_furni_project\\app\\Controllers\\Category.php')
 2 SYSTEMPATH\Autoloader\Autoloader.php(269): CodeIgniter\Autoloader\Autoloader->loadInNamespace('App\\Controllers\\Category')
 3 [internal function]: CodeIgniter\Autoloader\Autoloader->loadClass('App\\Controllers\\Category')
 4 SYSTEMPATH\CodeIgniter.php(900): class_exists('\\App\\Controllers\\Category', true)
 5 SYSTEMPATH\CodeIgniter.php(489): CodeIgniter\CodeIgniter->startController()
 6 SYSTEMPATH\CodeIgniter.php(361): CodeIgniter\CodeIgniter->handleRequest(null, Object(Config\Cache), false)
 7 FCPATH\index.php(79): CodeIgniter\CodeIgniter->run()
 8 SYSTEMPATH\Commands\Server\rewrite.php(47): require_once('E:\\xampp\\htdocs\\wdpf55_ci\\ci_furni_project\\public\\index.php')
CRITICAL - 2023-12-21 04:51:59 --> syntax error, unexpected token "=>"
in APPPATH\Controllers\Category.php on line 24.
 1 SYSTEMPATH\Autoloader\Autoloader.php(291): CodeIgniter\Autoloader\Autoloader->includeFile('E:\\xampp\\htdocs\\wdpf55_ci\\ci_furni_project\\app\\Controllers\\Category.php')
 2 SYSTEMPATH\Autoloader\Autoloader.php(269): CodeIgniter\Autoloader\Autoloader->loadInNamespace('App\\Controllers\\Category')
 3 [internal function]: CodeIgniter\Autoloader\Autoloader->loadClass('App\\Controllers\\Category')
 4 SYSTEMPATH\CodeIgniter.php(900): class_exists('\\App\\Controllers\\Category', true)
 5 SYSTEMPATH\CodeIgniter.php(489): CodeIgniter\CodeIgniter->startController()
 6 SYSTEMPATH\CodeIgniter.php(361): CodeIgniter\CodeIgniter->handleRequest(null, Object(Config\Cache), false)
 7 FCPATH\index.php(79): CodeIgniter\CodeIgniter->run()
 8 SYSTEMPATH\Commands\Server\rewrite.php(47): require_once('E:\\xampp\\htdocs\\wdpf55_ci\\ci_furni_project\\public\\index.php')
CRITICAL - 2023-12-21 04:52:07 --> syntax error, unexpected token "=>"
in APPPATH\Controllers\Category.php on line 24.
 1 SYSTEMPATH\Autoloader\Autoloader.php(291): CodeIgniter\Autoloader\Autoloader->includeFile('E:\\xampp\\htdocs\\wdpf55_ci\\ci_furni_project\\app\\Controllers\\Category.php')
 2 SYSTEMPATH\Autoloader\Autoloader.php(269): CodeIgniter\Autoloader\Autoloader->loadInNamespace('App\\Controllers\\Category')
 3 [internal function]: CodeIgniter\Autoloader\Autoloader->loadClass('App\\Controllers\\Category')
 4 SYSTEMPATH\CodeIgniter.php(900): class_exists('\\App\\Controllers\\Category', true)
 5 SYSTEMPATH\CodeIgniter.php(489): CodeIgniter\CodeIgniter->startController()
 6 SYSTEMPATH\CodeIgniter.php(361): CodeIgniter\CodeIgniter->handleRequest(null, Object(Config\Cache), false)
 7 FCPATH\index.php(79): CodeIgniter\CodeIgniter->run()
 8 SYSTEMPATH\Commands\Server\rewrite.php(47): require_once('E:\\xampp\\htdocs\\wdpf55_ci\\ci_furni_project\\public\\index.php')
CRITICAL - 2023-12-21 06:15:05 --> The route for "category/categoryadd" cannot be found.
in SYSTEMPATH\HTTP\RedirectResponse.php on line 62.
 1 SYSTEMPATH\HTTP\RedirectResponse.php(62): CodeIgniter\HTTP\Exceptions\HTTPException::forInvalidRedirectRoute('category/categoryadd')
 2 SYSTEMPATH\Common.php(878): CodeIgniter\HTTP\RedirectResponse->route(false)
 3 APPPATH\Controllers\Category.php(36): redirect('category/categoryadd')
 4 SYSTEMPATH\CodeIgniter.php(942): App\Controllers\Category->store()
 5 SYSTEMPATH\CodeIgniter.php(502): CodeIgniter\CodeIgniter->runController(Object(App\Controllers\Category))
 6 SYSTEMPATH\CodeIgniter.php(361): CodeIgniter\CodeIgniter->handleRequest(null, Object(Config\Cache), false)
 7 FCPATH\index.php(79): CodeIgniter\CodeIgniter->run()
 8 SYSTEMPATH\Commands\Server\rewrite.php(47): require_once('E:\\xampp\\htdocs\\wdpf55_ci\\ci_furni_project\\public\\index.php')
INFO - 2023-12-21 06:30:52 --> Session: Class initialized using 'CodeIgniter\Session\Handlers\FileHandler' driver.
INFO - 2023-12-21 06:35:25 --> Session: Class initialized using 'CodeIgniter\Session\Handlers\FileHandler' driver.
INFO - 2023-12-21 06:35:58 --> Session: Class initialized using 'CodeIgniter\Session\Handlers\FileHandler' driver.
INFO - 2023-12-21 06:38:11 --> Session: Class initialized using 'CodeIgniter\Session\Handlers\FileHandler' driver.
INFO - 2023-12-21 06:41:00 --> Session: Class initialized using 'CodeIgniter\Session\Handlers\FileHandler' driver.
INFO - 2023-12-21 06:42:05 --> Session: Class initialized using 'CodeIgniter\Session\Handlers\FileHandler' driver.
INFO - 2023-12-21 06:43:28 --> Session: Class initialized using 'CodeIgniter\Session\Handlers\FileHandler' driver.
INFO - 2023-12-21 06:45:37 --> Session: Class initialized using 'CodeIgniter\Session\Handlers\FileHandler' driver.
INFO - 2023-12-21 06:45:45 --> Session: Class initialized using 'CodeIgniter\Session\Handlers\FileHandler' driver.
INFO - 2023-12-21 06:47:18 --> Session: Class initialized using 'CodeIgniter\Session\Handlers\FileHandler' driver.
INFO - 2023-12-21 06:49:14 --> Session: Class initialized using 'CodeIgniter\Session\Handlers\FileHandler' driver.
INFO - 2023-12-21 06:49:24 --> Session: Class initialized using 'CodeIgniter\Session\Handlers\FileHandler' driver.
INFO - 2023-12-21 06:55:11 --> Session: Class initialized using 'CodeIgniter\Session\Handlers\FileHandler' driver.
INFO - 2023-12-21 06:56:00 --> Session: Class initialized using 'CodeIgniter\Session\Handlers\FileHandler' driver.
INFO - 2023-12-21 06:57:04 --> Session: Class initialized using 'CodeIgniter\Session\Handlers\FileHandler' driver.
INFO - 2023-12-21 06:57:11 --> Session: Class initialized using 'CodeIgniter\Session\Handlers\FileHandler' driver.
INFO - 2023-12-21 06:57:19 --> Session: Class initialized using 'CodeIgniter\Session\Handlers\FileHandler' driver.
INFO - 2023-12-21 06:58:47 --> Session: Class initialized using 'CodeIgniter\Session\Handlers\FileHandler' driver.
INFO - 2023-12-21 06:58:49 --> Session: Class initialized using 'CodeIgniter\Session\Handlers\FileHandler' driver.
INFO - 2023-12-21 06:59:43 --> Session: Class initialized using 'CodeIgniter\Session\Handlers\FileHandler' driver.
INFO - 2023-12-21 06:59:49 --> Session: Class initialized using 'CodeIgniter\Session\Handlers\FileHandler' driver.
INFO - 2023-12-21 07:01:51 --> Session: Class initialized using 'CodeIgniter\Session\Handlers\FileHandler' driver.
INFO - 2023-12-21 07:03:35 --> Session: Class initialized using 'CodeIgniter\Session\Handlers\FileHandler' driver.
INFO - 2023-12-21 07:03:42 --> Session: Class initialized using 'CodeIgniter\Session\Handlers\FileHandler' driver.
INFO - 2023-12-21 07:04:30 --> Session: Class initialized using 'CodeIgniter\Session\Handlers\FileHandler' driver.
INFO - 2023-12-21 07:04:32 --> Session: Class initialized using 'CodeIgniter\Session\Handlers\FileHandler' driver.
INFO - 2023-12-21 07:04:35 --> Session: Class initialized using 'CodeIgniter\Session\Handlers\FileHandler' driver.
INFO - 2023-12-21 07:06:07 --> Session: Class initialized using 'CodeIgniter\Session\Handlers\FileHandler' driver.
INFO - 2023-12-21 07:06:08 --> Session: Class initialized using 'CodeIgniter\Session\Handlers\FileHandler' driver.
INFO - 2023-12-21 07:06:10 --> Session: Class initialized using 'CodeIgniter\Session\Handlers\FileHandler' driver.
INFO - 2023-12-21 07:07:45 --> Session: Class initialized using 'CodeIgniter\Session\Handlers\FileHandler' driver.
INFO - 2023-12-21 07:07:46 --> Session: Class initialized using 'CodeIgniter\Session\Handlers\FileHandler' driver.
INFO - 2023-12-21 07:07:48 --> Session: Class initialized using 'CodeIgniter\Session\Handlers\FileHandler' driver.
INFO - 2023-12-21 07:07:53 --> Session: Class initialized using 'CodeIgniter\Session\Handlers\FileHandler' driver.
INFO - 2023-12-21 07:07:54 --> Session: Class initialized using 'CodeIgniter\Session\Handlers\FileHandler' driver.
INFO - 2023-12-21 07:08:22 --> Session: Class initialized using 'CodeIgniter\Session\Handlers\FileHandler' driver.
INFO - 2023-12-21 07:08:23 --> Session: Class initialized using 'CodeIgniter\Session\Handlers\FileHandler' driver.
CRITICAL - 2023-12-21 07:08:23 --> Undefined property: CodeIgniter\HTTP\Response::$redirect
in APPPATH\Controllers\Message.php on line 26.
 1 APPPATH\Controllers\Message.php(26): CodeIgniter\Debug\Exceptions->errorHandler(2, 'Undefined property: CodeIgniter\\HTTP\\Response::$redirect', 'E:\\xampp\\htdocs\\wdpf55_ci\\ci_furni_project\\app\\Controllers\\Message.php', 26)
 2 SYSTEMPATH\CodeIgniter.php(942): App\Controllers\Message->delete('16')
 3 SYSTEMPATH\CodeIgniter.php(502): CodeIgniter\CodeIgniter->runController(Object(App\Controllers\Message))
 4 SYSTEMPATH\CodeIgniter.php(361): CodeIgniter\CodeIgniter->handleRequest(null, Object(Config\Cache), false)
 5 FCPATH\index.php(79): CodeIgniter\CodeIgniter->run()
 6 SYSTEMPATH\Commands\Server\rewrite.php(47): require_once('E:\\xampp\\htdocs\\wdpf55_ci\\ci_furni_project\\public\\index.php')
INFO - 2023-12-21 07:11:04 --> Session: Class initialized using 'CodeIgniter\Session\Handlers\FileHandler' driver.
INFO - 2023-12-21 07:11:06 --> Session: Class initialized using 'CodeIgniter\Session\Handlers\FileHandler' driver.
INFO - 2023-12-21 07:11:09 --> Session: Class initialized using 'CodeIgniter\Session\Handlers\FileHandler' driver.
INFO - 2023-12-21 07:13:44 --> Session: Class initialized using 'CodeIgniter\Session\Handlers\FileHandler' driver.
INFO - 2023-12-21 07:13:45 --> Session: Class initialized using 'CodeIgniter\Session\Handlers\FileHandler' driver.
INFO - 2023-12-21 07:13:47 --> Session: Class initialized using 'CodeIgniter\Session\Handlers\FileHandler' driver.
INFO - 2023-12-21 07:15:03 --> Session: Class initialized using 'CodeIgniter\Session\Handlers\FileHandler' driver.
INFO - 2023-12-21 07:15:05 --> Session: Class initialized using 'CodeIgniter\Session\Handlers\FileHandler' driver.
INFO - 2023-12-21 07:15:06 --> Session: Class initialized using 'CodeIgniter\Session\Handlers\FileHandler' driver.
INFO - 2023-12-21 07:15:26 --> Session: Class initialized using 'CodeIgniter\Session\Handlers\FileHandler' driver.
INFO - 2023-12-21 07:15:28 --> Session: Class initialized using 'CodeIgniter\Session\Handlers\FileHandler' driver.
INFO - 2023-12-21 07:15:30 --> Session: Class initialized using 'CodeIgniter\Session\Handlers\FileHandler' driver.
INFO - 2023-12-21 07:22:14 --> Session: Class initialized using 'CodeIgniter\Session\Handlers\FileHandler' driver.
INFO - 2023-12-21 07:22:18 --> Session: Class initialized using 'CodeIgniter\Session\Handlers\FileHandler' driver.
INFO - 2023-12-21 07:24:03 --> Session: Class initialized using 'CodeIgniter\Session\Handlers\FileHandler' driver.
INFO - 2023-12-21 07:24:09 --> Session: Class initialized using 'CodeIgniter\Session\Handlers\FileHandler' driver.
INFO - 2023-12-21 07:25:57 --> Session: Class initialized using 'CodeIgniter\Session\Handlers\FileHandler' driver.
CRITICAL - 2023-12-21 07:26:01 --> Invalid file: "category/categoryadd.php"
in SYSTEMPATH\Exceptions\FrameworkException.php on line 39.
 1 SYSTEMPATH\View\View.php(216): CodeIgniter\Exceptions\FrameworkException::forInvalidFile('category/categoryadd.php')
 2 SYSTEMPATH\Common.php(1190): CodeIgniter\View\View->render('category/categoryadd', [], true)
 3 APPPATH\Controllers\Category.php(21): view('category/categoryadd')
 4 SYSTEMPATH\CodeIgniter.php(942): App\Controllers\Category->create()
 5 SYSTEMPATH\CodeIgniter.php(502): CodeIgniter\CodeIgniter->runController(Object(App\Controllers\Category))
 6 SYSTEMPATH\CodeIgniter.php(361): CodeIgniter\CodeIgniter->handleRequest(null, Object(Config\Cache), false)
 7 FCPATH\index.php(79): CodeIgniter\CodeIgniter->run()
 8 SYSTEMPATH\Commands\Server\rewrite.php(47): require_once('E:\\xampp\\htdocs\\wdpf55_ci\\ci_furni_project\\public\\index.php')
INFO - 2023-12-21 07:26:58 --> Session: Class initialized using 'CodeIgniter\Session\Handlers\FileHandler' driver.
INFO - 2023-12-21 07:27:01 --> Session: Class initialized using 'CodeIgniter\Session\Handlers\FileHandler' driver.
INFO - 2023-12-21 07:27:04 --> Session: Class initialized using 'CodeIgniter\Session\Handlers\FileHandler' driver.
INFO - 2023-12-21 07:27:41 --> Session: Class initialized using 'CodeIgniter\Session\Handlers\FileHandler' driver.
INFO - 2023-12-21 07:28:23 --> Session: Class initialized using 'CodeIgniter\Session\Handlers\FileHandler' driver.
INFO - 2023-12-21 07:28:24 --> Session: Class initialized using 'CodeIgniter\Session\Handlers\FileHandler' driver.
INFO - 2023-12-21 07:31:29 --> Session: Class initialized using 'CodeIgniter\Session\Handlers\FileHandler' driver.
INFO - 2023-12-21 07:31:31 --> Session: Class initialized using 'CodeIgniter\Session\Handlers\FileHandler' driver.
INFO - 2023-12-21 07:31:38 --> Session: Class initialized using 'CodeIgniter\Session\Handlers\FileHandler' driver.
INFO - 2023-12-21 07:32:33 --> Session: Class initialized using 'CodeIgniter\Session\Handlers\FileHandler' driver.
INFO - 2023-12-21 07:32:36 --> Session: Class initialized using 'CodeIgniter\Session\Handlers\FileHandler' driver.
INFO - 2023-12-21 07:32:36 --> Session: Class initialized using 'CodeIgniter\Session\Handlers\FileHandler' driver.
INFO - 2023-12-21 07:32:43 --> Session: Class initialized using 'CodeIgniter\Session\Handlers\FileHandler' driver.
INFO - 2023-12-21 07:32:44 --> Session: Class initialized using 'CodeIgniter\Session\Handlers\FileHandler' driver.
INFO - 2023-12-21 07:37:33 --> Session: Class initialized using 'CodeIgniter\Session\Handlers\FileHandler' driver.
INFO - 2023-12-21 07:37:36 --> Session: Class initialized using 'CodeIgniter\Session\Handlers\FileHandler' driver.
INFO - 2023-12-21 07:37:40 --> Session: Class initialized using 'CodeIgniter\Session\Handlers\FileHandler' driver.
INFO - 2023-12-21 07:37:46 --> Session: Class initialized using 'CodeIgniter\Session\Handlers\FileHandler' driver.
INFO - 2023-12-21 07:37:49 --> Session: Class initialized using 'CodeIgniter\Session\Handlers\FileHandler' driver.
INFO - 2023-12-21 07:37:49 --> Session: Class initialized using 'CodeIgniter\Session\Handlers\FileHandler' driver.
ERROR - 2023-12-21 07:39:31 --> mysqli_sql_exception: Column 'description' cannot be null in E:\xampp\htdocs\wdpf55_ci\ci_furni_project\system\Database\MySQLi\Connection.php:306
Stack trace:
#0 E:\xampp\htdocs\wdpf55_ci\ci_furni_project\system\Database\MySQLi\Connection.php(306): mysqli->query('INSERT INTO `pr...', 0)
#1 E:\xampp\htdocs\wdpf55_ci\ci_furni_project\system\Database\BaseConnection.php(693): CodeIgniter\Database\MySQLi\Connection->execute('INSERT INTO `pr...')
#2 E:\xampp\htdocs\wdpf55_ci\ci_furni_project\system\Database\BaseConnection.php(607): CodeIgniter\Database\BaseConnection->simpleQuery('INSERT INTO `pr...')
#3 E:\xampp\htdocs\wdpf55_ci\ci_furni_project\system\Database\BaseBuilder.php(2308): CodeIgniter\Database\BaseConnection->query('INSERT INTO `pr...', Array, false)
#4 E:\xampp\htdocs\wdpf55_ci\ci_furni_project\system\Model.php(319): CodeIgniter\Database\BaseBuilder->insert()
#5 E:\xampp\htdocs\wdpf55_ci\ci_furni_project\system\BaseModel.php(788): CodeIgniter\Model->doInsert(Array)
#6 E:\xampp\htdocs\wdpf55_ci\ci_furni_project\system\Model.php(715): CodeIgniter\BaseModel->insert(Array, true)
#7 E:\xampp\htdocs\wdpf55_ci\ci_furni_project\app\Controllers\Category.php(39): CodeIgniter\Model->insert(Array)
#8 E:\xampp\htdocs\wdpf55_ci\ci_furni_project\system\CodeIgniter.php(942): App\Controllers\Category->store()
#9 E:\xampp\htdocs\wdpf55_ci\ci_furni_project\system\CodeIgniter.php(502): CodeIgniter\CodeIgniter->runController(Object(App\Controllers\Category))
#10 E:\xampp\htdocs\wdpf55_ci\ci_furni_project\system\CodeIgniter.php(361): CodeIgniter\CodeIgniter->handleRequest(NULL, Object(Config\Cache), false)
#11 E:\xampp\htdocs\wdpf55_ci\ci_furni_project\public\index.php(79): CodeIgniter\CodeIgniter->run()
#12 E:\xampp\htdocs\wdpf55_ci\ci_furni_project\system\Commands\Server\rewrite.php(47): require_once('E:\\xampp\\htdocs...')
#13 {main}
CRITICAL - 2023-12-21 07:39:32 --> Column 'description' cannot be null
in SYSTEMPATH\Database\BaseConnection.php on line 647.
 1 SYSTEMPATH\Database\BaseBuilder.php(2308): CodeIgniter\Database\BaseConnection->query('INSERT INTO `product_category` (`name`, `description`) VALUES (:name:, :description:)', [...], false)
 2 SYSTEMPATH\Model.php(319): CodeIgniter\Database\BaseBuilder->insert()
 3 SYSTEMPATH\BaseModel.php(788): CodeIgniter\Model->doInsert([...])
 4 SYSTEMPATH\Model.php(715): CodeIgniter\BaseModel->insert([...], true)
 5 APPPATH\Controllers\Category.php(39): CodeIgniter\Model->insert([...])
 6 SYSTEMPATH\CodeIgniter.php(942): App\Controllers\Category->store()
 7 SYSTEMPATH\CodeIgniter.php(502): CodeIgniter\CodeIgniter->runController(Object(App\Controllers\Category))
 8 SYSTEMPATH\CodeIgniter.php(361): CodeIgniter\CodeIgniter->handleRequest(null, Object(Config\Cache), false)
 9 FCPATH\index.php(79): CodeIgniter\CodeIgniter->run()
10 SYSTEMPATH\Commands\Server\rewrite.php(47): require_once('E:\\xampp\\htdocs\\wdpf55_ci\\ci_furni_project\\public\\index.php')
ERROR - 2023-12-21 07:39:48 --> mysqli_sql_exception: Column 'description' cannot be null in E:\xampp\htdocs\wdpf55_ci\ci_furni_project\system\Database\MySQLi\Connection.php:306
Stack trace:
#0 E:\xampp\htdocs\wdpf55_ci\ci_furni_project\system\Database\MySQLi\Connection.php(306): mysqli->query('INSERT INTO `pr...', 0)
#1 E:\xampp\htdocs\wdpf55_ci\ci_furni_project\system\Database\BaseConnection.php(693): CodeIgniter\Database\MySQLi\Connection->execute('INSERT INTO `pr...')
#2 E:\xampp\htdocs\wdpf55_ci\ci_furni_project\system\Database\BaseConnection.php(607): CodeIgniter\Database\BaseConnection->simpleQuery('INSERT INTO `pr...')
#3 E:\xampp\htdocs\wdpf55_ci\ci_furni_project\system\Database\BaseBuilder.php(2308): CodeIgniter\Database\BaseConnection->query('INSERT INTO `pr...', Array, false)
#4 E:\xampp\htdocs\wdpf55_ci\ci_furni_project\system\Model.php(319): CodeIgniter\Database\BaseBuilder->insert()
#5 E:\xampp\htdocs\wdpf55_ci\ci_furni_project\system\BaseModel.php(788): CodeIgniter\Model->doInsert(Array)
#6 E:\xampp\htdocs\wdpf55_ci\ci_furni_project\system\Model.php(715): CodeIgniter\BaseModel->insert(Array, true)
#7 E:\xampp\htdocs\wdpf55_ci\ci_furni_project\app\Controllers\Category.php(39): CodeIgniter\Model->insert(Array)
#8 E:\xampp\htdocs\wdpf55_ci\ci_furni_project\system\CodeIgniter.php(942): App\Controllers\Category->store()
#9 E:\xampp\htdocs\wdpf55_ci\ci_furni_project\system\CodeIgniter.php(502): CodeIgniter\CodeIgniter->runController(Object(App\Controllers\Category))
#10 E:\xampp\htdocs\wdpf55_ci\ci_furni_project\system\CodeIgniter.php(361): CodeIgniter\CodeIgniter->handleRequest(NULL, Object(Config\Cache), false)
#11 E:\xampp\htdocs\wdpf55_ci\ci_furni_project\public\index.php(79): CodeIgniter\CodeIgniter->run()
#12 E:\xampp\htdocs\wdpf55_ci\ci_furni_project\system\Commands\Server\rewrite.php(47): require_once('E:\\xampp\\htdocs...')
#13 {main}
CRITICAL - 2023-12-21 07:39:48 --> Column 'description' cannot be null
in SYSTEMPATH\Database\BaseConnection.php on line 647.
 1 SYSTEMPATH\Database\BaseBuilder.php(2308): CodeIgniter\Database\BaseConnection->query('INSERT INTO `product_category` (`name`, `description`) VALUES (:name:, :description:)', [...], false)
 2 SYSTEMPATH\Model.php(319): CodeIgniter\Database\BaseBuilder->insert()
 3 SYSTEMPATH\BaseModel.php(788): CodeIgniter\Model->doInsert([...])
 4 SYSTEMPATH\Model.php(715): CodeIgniter\BaseModel->insert([...], true)
 5 APPPATH\Controllers\Category.php(39): CodeIgniter\Model->insert([...])
 6 SYSTEMPATH\CodeIgniter.php(942): App\Controllers\Category->store()
 7 SYSTEMPATH\CodeIgniter.php(502): CodeIgniter\CodeIgniter->runController(Object(App\Controllers\Category))
 8 SYSTEMPATH\CodeIgniter.php(361): CodeIgniter\CodeIgniter->handleRequest(null, Object(Config\Cache), false)
 9 FCPATH\index.php(79): CodeIgniter\CodeIgniter->run()
10 SYSTEMPATH\Commands\Server\rewrite.php(47): require_once('E:\\xampp\\htdocs\\wdpf55_ci\\ci_furni_project\\public\\index.php')
INFO - 2023-12-21 07:40:12 --> Session: Class initialized using 'CodeIgniter\Session\Handlers\FileHandler' driver.
INFO - 2023-12-21 07:40:28 --> Session: Class initialized using 'CodeIgniter\Session\Handlers\FileHandler' driver.
INFO - 2023-12-21 07:42:28 --> Session: Class initialized using 'CodeIgniter\Session\Handlers\FileHandler' driver.
INFO - 2023-12-21 07:45:44 --> Session: Class initialized using 'CodeIgniter\Session\Handlers\FileHandler' driver.
INFO - 2023-12-21 07:46:17 --> Session: Class initialized using 'CodeIgniter\Session\Handlers\FileHandler' driver.
INFO - 2023-12-21 07:47:50 --> Session: Class initialized using 'CodeIgniter\Session\Handlers\FileHandler' driver.
INFO - 2023-12-21 07:47:57 --> Session: Class initialized using 'CodeIgniter\Session\Handlers\FileHandler' driver.
CRITICAL - 2023-12-21 08:08:32 --> Invalid file: "category/edit.php"
in SYSTEMPATH\Exceptions\FrameworkException.php on line 39.
 1 SYSTEMPATH\View\View.php(216): CodeIgniter\Exceptions\FrameworkException::forInvalidFile('category/edit.php')
 2 SYSTEMPATH\Common.php(1190): CodeIgniter\View\View->render('category/edit', [], true)
 3 APPPATH\Controllers\Category.php(50): view('category/edit', [...])
 4 SYSTEMPATH\CodeIgniter.php(942): App\Controllers\Category->edit('14')
 5 SYSTEMPATH\CodeIgniter.php(502): CodeIgniter\CodeIgniter->runController(Object(App\Controllers\Category))
 6 SYSTEMPATH\CodeIgniter.php(361): CodeIgniter\CodeIgniter->handleRequest(null, Object(Config\Cache), false)
 7 FCPATH\index.php(79): CodeIgniter\CodeIgniter->run()
 8 SYSTEMPATH\Commands\Server\rewrite.php(47): require_once('E:\\xampp\\htdocs\\wdpf55_ci\\ci_furni_project\\public\\index.php')
CRITICAL - 2023-12-21 08:08:52 --> Invalid file: "category/edit.php"
in SYSTEMPATH\Exceptions\FrameworkException.php on line 39.
 1 SYSTEMPATH\View\View.php(216): CodeIgniter\Exceptions\FrameworkException::forInvalidFile('category/edit.php')
 2 SYSTEMPATH\Common.php(1190): CodeIgniter\View\View->render('category/edit', [], true)
 3 APPPATH\Controllers\Category.php(50): view('category/edit', [...])
 4 SYSTEMPATH\CodeIgniter.php(942): App\Controllers\Category->edit('15')
 5 SYSTEMPATH\CodeIgniter.php(502): CodeIgniter\CodeIgniter->runController(Object(App\Controllers\Category))
 6 SYSTEMPATH\CodeIgniter.php(361): CodeIgniter\CodeIgniter->handleRequest(null, Object(Config\Cache), false)
 7 FCPATH\index.php(79): CodeIgniter\CodeIgniter->run()
 8 SYSTEMPATH\Commands\Server\rewrite.php(47): require_once('E:\\xampp\\htdocs\\wdpf55_ci\\ci_furni_project\\public\\index.php')
CRITICAL - 2023-12-21 08:09:25 --> Invalid file: "category/edit.php"
in SYSTEMPATH\Exceptions\FrameworkException.php on line 39.
 1 SYSTEMPATH\View\View.php(216): CodeIgniter\Exceptions\FrameworkException::forInvalidFile('category/edit.php')
 2 SYSTEMPATH\Common.php(1190): CodeIgniter\View\View->render('category/edit', [], true)
 3 APPPATH\Controllers\Category.php(50): view('category/edit', [...])
 4 SYSTEMPATH\CodeIgniter.php(942): App\Controllers\Category->edit('15')
 5 SYSTEMPATH\CodeIgniter.php(502): CodeIgniter\CodeIgniter->runController(Object(App\Controllers\Category))
 6 SYSTEMPATH\CodeIgniter.php(361): CodeIgniter\CodeIgniter->handleRequest(null, Object(Config\Cache), false)
 7 FCPATH\index.php(79): CodeIgniter\CodeIgniter->run()
 8 SYSTEMPATH\Commands\Server\rewrite.php(47): require_once('E:\\xampp\\htdocs\\wdpf55_ci\\ci_furni_project\\public\\index.php')
CRITICAL - 2023-12-21 08:09:26 --> Invalid file: "category/edit.php"
in SYSTEMPATH\Exceptions\FrameworkException.php on line 39.
 1 SYSTEMPATH\View\View.php(216): CodeIgniter\Exceptions\FrameworkException::forInvalidFile('category/edit.php')
 2 SYSTEMPATH\Common.php(1190): CodeIgniter\View\View->render('category/edit', [], true)
 3 APPPATH\Controllers\Category.php(50): view('category/edit', [...])
 4 SYSTEMPATH\CodeIgniter.php(942): App\Controllers\Category->edit('15')
 5 SYSTEMPATH\CodeIgniter.php(502): CodeIgniter\CodeIgniter->runController(Object(App\Controllers\Category))
 6 SYSTEMPATH\CodeIgniter.php(361): CodeIgniter\CodeIgniter->handleRequest(null, Object(Config\Cache), false)
 7 FCPATH\index.php(79): CodeIgniter\CodeIgniter->run()
 8 SYSTEMPATH\Commands\Server\rewrite.php(47): require_once('E:\\xampp\\htdocs\\wdpf55_ci\\ci_furni_project\\public\\index.php')
CRITICAL - 2023-12-21 08:09:57 --> Invalid file: "category/edit.php"
in SYSTEMPATH\Exceptions\FrameworkException.php on line 39.
 1 SYSTEMPATH\View\View.php(216): CodeIgniter\Exceptions\FrameworkException::forInvalidFile('category/edit.php')
 2 SYSTEMPATH\Common.php(1190): CodeIgniter\View\View->render('category/edit', [], true)
 3 APPPATH\Controllers\Category.php(50): view('category/edit', [...])
 4 SYSTEMPATH\CodeIgniter.php(942): App\Controllers\Category->edit('14')
 5 SYSTEMPATH\CodeIgniter.php(502): CodeIgniter\CodeIgniter->runController(Object(App\Controllers\Category))
 6 SYSTEMPATH\CodeIgniter.php(361): CodeIgniter\CodeIgniter->handleRequest(null, Object(Config\Cache), false)
 7 FCPATH\index.php(79): CodeIgniter\CodeIgniter->run()
 8 SYSTEMPATH\Commands\Server\rewrite.php(47): require_once('E:\\xampp\\htdocs\\wdpf55_ci\\ci_furni_project\\public\\index.php')
CRITICAL - 2023-12-21 08:11:56 --> Invalid file: "category/edit.php"
in SYSTEMPATH\Exceptions\FrameworkException.php on line 39.
 1 SYSTEMPATH\View\View.php(216): CodeIgniter\Exceptions\FrameworkException::forInvalidFile('category/edit.php')
 2 SYSTEMPATH\Common.php(1190): CodeIgniter\View\View->render('category/edit', [], true)
 3 APPPATH\Controllers\Category.php(51): view('category/edit', [...])
 4 SYSTEMPATH\CodeIgniter.php(942): App\Controllers\Category->edit('14')
 5 SYSTEMPATH\CodeIgniter.php(502): CodeIgniter\CodeIgniter->runController(Object(App\Controllers\Category))
 6 SYSTEMPATH\CodeIgniter.php(361): CodeIgniter\CodeIgniter->handleRequest(null, Object(Config\Cache), false)
 7 FCPATH\index.php(79): CodeIgniter\CodeIgniter->run()
 8 SYSTEMPATH\Commands\Server\rewrite.php(47): require_once('E:\\xampp\\htdocs\\wdpf55_ci\\ci_furni_project\\public\\index.php')
INFO - 2023-12-21 08:13:57 --> Session: Class initialized using 'CodeIgniter\Session\Handlers\FileHandler' driver.
CRITICAL - 2023-12-21 08:16:30 --> Invalid file: "/category/editform/.php"
in SYSTEMPATH\Exceptions\FrameworkException.php on line 39.
 1 SYSTEMPATH\View\View.php(216): CodeIgniter\Exceptions\FrameworkException::forInvalidFile('/category/editform/.php')
 2 SYSTEMPATH\Common.php(1190): CodeIgniter\View\View->render('/category/editform/', [], true)
 3 APPPATH\Controllers\Category.php(51): view('/category/editform/', [...])
 4 SYSTEMPATH\CodeIgniter.php(942): App\Controllers\Category->edit('14')
 5 SYSTEMPATH\CodeIgniter.php(502): CodeIgniter\CodeIgniter->runController(Object(App\Controllers\Category))
 6 SYSTEMPATH\CodeIgniter.php(361): CodeIgniter\CodeIgniter->handleRequest(null, Object(Config\Cache), false)
 7 FCPATH\index.php(79): CodeIgniter\CodeIgniter->run()
 8 SYSTEMPATH\Commands\Server\rewrite.php(47): require_once('E:\\xampp\\htdocs\\wdpf55_ci\\ci_furni_project\\public\\index.php')
CRITICAL - 2023-12-21 08:17:41 --> Invalid file: "/category/editform/.php"
in SYSTEMPATH\Exceptions\FrameworkException.php on line 39.
 1 SYSTEMPATH\View\View.php(216): CodeIgniter\Exceptions\FrameworkException::forInvalidFile('/category/editform/.php')
 2 SYSTEMPATH\Common.php(1190): CodeIgniter\View\View->render('/category/editform/', [], true)
 3 APPPATH\Controllers\Category.php(51): view('/category/editform/', [...])
 4 SYSTEMPATH\CodeIgniter.php(942): App\Controllers\Category->edit('14')
 5 SYSTEMPATH\CodeIgniter.php(502): CodeIgniter\CodeIgniter->runController(Object(App\Controllers\Category))
 6 SYSTEMPATH\CodeIgniter.php(361): CodeIgniter\CodeIgniter->handleRequest(null, Object(Config\Cache), false)
 7 FCPATH\index.php(79): CodeIgniter\CodeIgniter->run()
 8 SYSTEMPATH\Commands\Server\rewrite.php(47): require_once('E:\\xampp\\htdocs\\wdpf55_ci\\ci_furni_project\\public\\index.php')
INFO - 2023-12-21 08:33:28 --> Session: Class initialized using 'CodeIgniter\Session\Handlers\FileHandler' driver.
INFO - 2023-12-21 08:35:16 --> Session: Class initialized using 'CodeIgniter\Session\Handlers\FileHandler' driver.
INFO - 2023-12-21 10:29:13 --> Session: Class initialized using 'CodeIgniter\Session\Handlers\FileHandler' driver.
INFO - 2023-12-21 10:32:34 --> Session: Class initialized using 'CodeIgniter\Session\Handlers\FileHandler' driver.
INFO - 2023-12-21 10:32:50 --> Session: Class initialized using 'CodeIgniter\Session\Handlers\FileHandler' driver.
INFO - 2023-12-21 10:41:07 --> Session: Class initialized using 'CodeIgniter\Session\Handlers\FileHandler' driver.
INFO - 2023-12-21 10:44:21 --> Session: Class initialized using 'CodeIgniter\Session\Handlers\FileHandler' driver.
INFO - 2023-12-21 10:44:35 --> Session: Class initialized using 'CodeIgniter\Session\Handlers\FileHandler' driver.
INFO - 2023-12-21 10:45:28 --> Session: Class initialized using 'CodeIgniter\Session\Handlers\FileHandler' driver.
INFO - 2023-12-21 10:46:09 --> Session: Class initialized using 'CodeIgniter\Session\Handlers\FileHandler' driver.
INFO - 2023-12-21 10:47:15 --> Session: Class initialized using 'CodeIgniter\Session\Handlers\FileHandler' driver.
INFO - 2023-12-21 10:55:27 --> Session: Class initialized using 'CodeIgniter\Session\Handlers\FileHandler' driver.
INFO - 2023-12-21 10:56:44 --> Session: Class initialized using 'CodeIgniter\Session\Handlers\FileHandler' driver.
INFO - 2023-12-21 10:57:59 --> Session: Class initialized using 'CodeIgniter\Session\Handlers\FileHandler' driver.
INFO - 2023-12-21 10:59:16 --> Session: Class initialized using 'CodeIgniter\Session\Handlers\FileHandler' driver.
INFO - 2023-12-21 11:00:28 --> Session: Class initialized using 'CodeIgniter\Session\Handlers\FileHandler' driver.
INFO - 2023-12-21 11:01:49 --> Session: Class initialized using 'CodeIgniter\Session\Handlers\FileHandler' driver.
INFO - 2023-12-21 11:02:23 --> Session: Class initialized using 'CodeIgniter\Session\Handlers\FileHandler' driver.
INFO - 2023-12-21 11:07:22 --> Session: Class initialized using 'CodeIgniter\Session\Handlers\FileHandler' driver.
INFO - 2023-12-21 11:38:34 --> Session: Class initialized using 'CodeIgniter\Session\Handlers\FileHandler' driver.
INFO - 2023-12-21 11:40:06 --> Session: Class initialized using 'CodeIgniter\Session\Handlers\FileHandler' driver.
INFO - 2023-12-21 11:40:18 --> Session: Class initialized using 'CodeIgniter\Session\Handlers\FileHandler' driver.
INFO - 2023-12-21 11:40:56 --> Session: Class initialized using 'CodeIgniter\Session\Handlers\FileHandler' driver.
INFO - 2023-12-21 11:41:23 --> Session: Class initialized using 'CodeIgniter\Session\Handlers\FileHandler' driver.
INFO - 2023-12-21 11:42:31 --> Session: Class initialized using 'CodeIgniter\Session\Handlers\FileHandler' driver.
CRITICAL - 2023-12-21 11:50:47 --> Undefined variable $products
in APPPATH\Views\product\productlist.php on line 60.
 1 APPPATH\Views\product\productlist.php(60): CodeIgniter\Debug\Exceptions->errorHandler(2, 'Undefined variable $products', 'E:\\xampp\\htdocs\\wdpf55_ci\\ci_furni_project\\app\\Views\\product\\productlist.php', 60)
 2 SYSTEMPATH\View\View.php(228): include('E:\\xampp\\htdocs\\wdpf55_ci\\ci_furni_project\\app\\Views\\product\\productlist.php')
 3 SYSTEMPATH\View\View.php(231): CodeIgniter\View\View->CodeIgniter\View\{closure}()
 4 SYSTEMPATH\Common.php(1190): CodeIgniter\View\View->render('product/productlist', [], true)
 5 APPPATH\Controllers\Product.php(18): view('product/productlist')
 6 SYSTEMPATH\CodeIgniter.php(942): App\Controllers\Product->index()
 7 SYSTEMPATH\CodeIgniter.php(502): CodeIgniter\CodeIgniter->runController(Object(App\Controllers\Product))
 8 SYSTEMPATH\CodeIgniter.php(361): CodeIgniter\CodeIgniter->handleRequest(null, Object(Config\Cache), false)
 9 FCPATH\index.php(79): CodeIgniter\CodeIgniter->run()
10 SYSTEMPATH\Commands\Server\rewrite.php(47): require_once('E:\\xampp\\htdocs\\wdpf55_ci\\ci_furni_project\\public\\index.php')
CRITICAL - 2023-12-21 11:51:27 --> Undefined variable $products
in APPPATH\Views\product\productlist.php on line 60.
 1 APPPATH\Views\product\productlist.php(60): CodeIgniter\Debug\Exceptions->errorHandler(2, 'Undefined variable $products', 'E:\\xampp\\htdocs\\wdpf55_ci\\ci_furni_project\\app\\Views\\product\\productlist.php', 60)
 2 SYSTEMPATH\View\View.php(228): include('E:\\xampp\\htdocs\\wdpf55_ci\\ci_furni_project\\app\\Views\\product\\productlist.php')
 3 SYSTEMPATH\View\View.php(231): CodeIgniter\View\View->CodeIgniter\View\{closure}()
 4 SYSTEMPATH\Common.php(1190): CodeIgniter\View\View->render('product/productlist', [], true)
 5 APPPATH\Controllers\Product.php(18): view('product/productlist')
 6 SYSTEMPATH\CodeIgniter.php(942): App\Controllers\Product->index()
 7 SYSTEMPATH\CodeIgniter.php(502): CodeIgniter\CodeIgniter->runController(Object(App\Controllers\Product))
 8 SYSTEMPATH\CodeIgniter.php(361): CodeIgniter\CodeIgniter->handleRequest(null, Object(Config\Cache), false)
 9 FCPATH\index.php(79): CodeIgniter\CodeIgniter->run()
10 SYSTEMPATH\Commands\Server\rewrite.php(47): require_once('E:\\xampp\\htdocs\\wdpf55_ci\\ci_furni_project\\public\\index.php')
CRITICAL - 2023-12-21 11:51:29 --> Undefined variable $products
in APPPATH\Views\product\productlist.php on line 60.
 1 APPPATH\Views\product\productlist.php(60): CodeIgniter\Debug\Exceptions->errorHandler(2, 'Undefined variable $products', 'E:\\xampp\\htdocs\\wdpf55_ci\\ci_furni_project\\app\\Views\\product\\productlist.php', 60)
 2 SYSTEMPATH\View\View.php(228): include('E:\\xampp\\htdocs\\wdpf55_ci\\ci_furni_project\\app\\Views\\product\\productlist.php')
 3 SYSTEMPATH\View\View.php(231): CodeIgniter\View\View->CodeIgniter\View\{closure}()
 4 SYSTEMPATH\Common.php(1190): CodeIgniter\View\View->render('product/productlist', [], true)
 5 APPPATH\Controllers\Product.php(18): view('product/productlist')
 6 SYSTEMPATH\CodeIgniter.php(942): App\Controllers\Product->index()
 7 SYSTEMPATH\CodeIgniter.php(502): CodeIgniter\CodeIgniter->runController(Object(App\Controllers\Product))
 8 SYSTEMPATH\CodeIgniter.php(361): CodeIgniter\CodeIgniter->handleRequest(null, Object(Config\Cache), false)
 9 FCPATH\index.php(79): CodeIgniter\CodeIgniter->run()
10 SYSTEMPATH\Commands\Server\rewrite.php(47): require_once('E:\\xampp\\htdocs\\wdpf55_ci\\ci_furni_project\\public\\index.php')
CRITICAL - 2023-12-21 11:54:35 --> Undefined variable $products
in APPPATH\Views\product\productlist.php on line 60.
 1 APPPATH\Views\product\productlist.php(60): CodeIgniter\Debug\Exceptions->errorHandler(2, 'Undefined variable $products', 'E:\\xampp\\htdocs\\wdpf55_ci\\ci_furni_project\\app\\Views\\product\\productlist.php', 60)
 2 SYSTEMPATH\View\View.php(228): include('E:\\xampp\\htdocs\\wdpf55_ci\\ci_furni_project\\app\\Views\\product\\productlist.php')
 3 SYSTEMPATH\View\View.php(231): CodeIgniter\View\View->CodeIgniter\View\{closure}()
 4 SYSTEMPATH\Common.php(1190): CodeIgniter\View\View->render('product/productlist', [], true)
 5 APPPATH\Controllers\Product.php(18): view('product/productlist')
 6 SYSTEMPATH\CodeIgniter.php(942): App\Controllers\Product->index()
 7 SYSTEMPATH\CodeIgniter.php(502): CodeIgniter\CodeIgniter->runController(Object(App\Controllers\Product))
 8 SYSTEMPATH\CodeIgniter.php(361): CodeIgniter\CodeIgniter->handleRequest(null, Object(Config\Cache), false)
 9 FCPATH\index.php(79): CodeIgniter\CodeIgniter->run()
10 SYSTEMPATH\Commands\Server\rewrite.php(47): require_once('E:\\xampp\\htdocs\\wdpf55_ci\\ci_furni_project\\public\\index.php')
CRITICAL - 2023-12-21 11:54:44 --> Undefined variable $products
in APPPATH\Views\product\productlist.php on line 60.
 1 APPPATH\Views\product\productlist.php(60): CodeIgniter\Debug\Exceptions->errorHandler(2, 'Undefined variable $products', 'E:\\xampp\\htdocs\\wdpf55_ci\\ci_furni_project\\app\\Views\\product\\productlist.php', 60)
 2 SYSTEMPATH\View\View.php(228): include('E:\\xampp\\htdocs\\wdpf55_ci\\ci_furni_project\\app\\Views\\product\\productlist.php')
 3 SYSTEMPATH\View\View.php(231): CodeIgniter\View\View->CodeIgniter\View\{closure}()
 4 SYSTEMPATH\Common.php(1190): CodeIgniter\View\View->render('product/productlist', [], true)
 5 APPPATH\Controllers\Product.php(18): view('product/productlist')
 6 SYSTEMPATH\CodeIgniter.php(942): App\Controllers\Product->index()
 7 SYSTEMPATH\CodeIgniter.php(502): CodeIgniter\CodeIgniter->runController(Object(App\Controllers\Product))
 8 SYSTEMPATH\CodeIgniter.php(361): CodeIgniter\CodeIgniter->handleRequest(null, Object(Config\Cache), false)
 9 FCPATH\index.php(79): CodeIgniter\CodeIgniter->run()
10 SYSTEMPATH\Commands\Server\rewrite.php(47): require_once('E:\\xampp\\htdocs\\wdpf55_ci\\ci_furni_project\\public\\index.php')
CRITICAL - 2023-12-21 11:57:50 --> Undefined variable $items
in APPPATH\Views\product\productlist.php on line 60.
 1 APPPATH\Views\product\productlist.php(60): CodeIgniter\Debug\Exceptions->errorHandler(2, 'Undefined variable $items', 'E:\\xampp\\htdocs\\wdpf55_ci\\ci_furni_project\\app\\Views\\product\\productlist.php', 60)
 2 SYSTEMPATH\View\View.php(228): include('E:\\xampp\\htdocs\\wdpf55_ci\\ci_furni_project\\app\\Views\\product\\productlist.php')
 3 SYSTEMPATH\View\View.php(231): CodeIgniter\View\View->CodeIgniter\View\{closure}()
 4 SYSTEMPATH\Common.php(1190): CodeIgniter\View\View->render('product/productlist', [], true)
 5 APPPATH\Controllers\Product.php(18): view('product/productlist')
 6 SYSTEMPATH\CodeIgniter.php(942): App\Controllers\Product->index()
 7 SYSTEMPATH\CodeIgniter.php(502): CodeIgniter\CodeIgniter->runController(Object(App\Controllers\Product))
 8 SYSTEMPATH\CodeIgniter.php(361): CodeIgniter\CodeIgniter->handleRequest(null, Object(Config\Cache), false)
 9 FCPATH\index.php(79): CodeIgniter\CodeIgniter->run()
10 SYSTEMPATH\Commands\Server\rewrite.php(47): require_once('E:\\xampp\\htdocs\\wdpf55_ci\\ci_furni_project\\public\\index.php')
CRITICAL - 2023-12-21 11:58:10 --> Undefined variable $items
in APPPATH\Views\product\productlist.php on line 60.
 1 APPPATH\Views\product\productlist.php(60): CodeIgniter\Debug\Exceptions->errorHandler(2, 'Undefined variable $items', 'E:\\xampp\\htdocs\\wdpf55_ci\\ci_furni_project\\app\\Views\\product\\productlist.php', 60)
 2 SYSTEMPATH\View\View.php(228): include('E:\\xampp\\htdocs\\wdpf55_ci\\ci_furni_project\\app\\Views\\product\\productlist.php')
 3 SYSTEMPATH\View\View.php(231): CodeIgniter\View\View->CodeIgniter\View\{closure}()
 4 SYSTEMPATH\Common.php(1190): CodeIgniter\View\View->render('product/productlist', [], true)
 5 APPPATH\Controllers\Product.php(18): view('product/productlist')
 6 SYSTEMPATH\CodeIgniter.php(942): App\Controllers\Product->index()
 7 SYSTEMPATH\CodeIgniter.php(502): CodeIgniter\CodeIgniter->runController(Object(App\Controllers\Product))
 8 SYSTEMPATH\CodeIgniter.php(361): CodeIgniter\CodeIgniter->handleRequest(null, Object(Config\Cache), false)
 9 FCPATH\index.php(79): CodeIgniter\CodeIgniter->run()
10 SYSTEMPATH\Commands\Server\rewrite.php(47): require_once('E:\\xampp\\htdocs\\wdpf55_ci\\ci_furni_project\\public\\index.php')
CRITICAL - 2023-12-21 12:00:21 --> Undefined variable $products
in APPPATH\Views\product\productlist.php on line 61.
 1 APPPATH\Views\product\productlist.php(61): CodeIgniter\Debug\Exceptions->errorHandler(2, 'Undefined variable $products', 'E:\\xampp\\htdocs\\wdpf55_ci\\ci_furni_project\\app\\Views\\product\\productlist.php', 61)
 2 SYSTEMPATH\View\View.php(228): include('E:\\xampp\\htdocs\\wdpf55_ci\\ci_furni_project\\app\\Views\\product\\productlist.php')
 3 SYSTEMPATH\View\View.php(231): CodeIgniter\View\View->CodeIgniter\View\{closure}()
 4 SYSTEMPATH\Common.php(1190): CodeIgniter\View\View->render('product/productlist', [], true)
 5 APPPATH\Controllers\Product.php(18): view('product/productlist')
 6 SYSTEMPATH\CodeIgniter.php(942): App\Controllers\Product->index()
 7 SYSTEMPATH\CodeIgniter.php(502): CodeIgniter\CodeIgniter->runController(Object(App\Controllers\Product))
 8 SYSTEMPATH\CodeIgniter.php(361): CodeIgniter\CodeIgniter->handleRequest(null, Object(Config\Cache), false)
 9 FCPATH\index.php(79): CodeIgniter\CodeIgniter->run()
10 SYSTEMPATH\Commands\Server\rewrite.php(47): require_once('E:\\xampp\\htdocs\\wdpf55_ci\\ci_furni_project\\public\\index.php')
CRITICAL - 2023-12-21 12:03:57 --> Undefined variable $products
in APPPATH\Views\product\productlist.php on line 61.
 1 APPPATH\Views\product\productlist.php(61): CodeIgniter\Debug\Exceptions->errorHandler(2, 'Undefined variable $products', 'E:\\xampp\\htdocs\\wdpf55_ci\\ci_furni_project\\app\\Views\\product\\productlist.php', 61)
 2 SYSTEMPATH\View\View.php(228): include('E:\\xampp\\htdocs\\wdpf55_ci\\ci_furni_project\\app\\Views\\product\\productlist.php')
 3 SYSTEMPATH\View\View.php(231): CodeIgniter\View\View->CodeIgniter\View\{closure}()
 4 SYSTEMPATH\Common.php(1190): CodeIgniter\View\View->render('product/productlist', [], true)
 5 APPPATH\Controllers\Product.php(18): view('product/productlist')
 6 SYSTEMPATH\CodeIgniter.php(942): App\Controllers\Product->index()
 7 SYSTEMPATH\CodeIgniter.php(502): CodeIgniter\CodeIgniter->runController(Object(App\Controllers\Product))
 8 SYSTEMPATH\CodeIgniter.php(361): CodeIgniter\CodeIgniter->handleRequest(null, Object(Config\Cache), false)
 9 FCPATH\index.php(79): CodeIgniter\CodeIgniter->run()
10 SYSTEMPATH\Commands\Server\rewrite.php(47): require_once('E:\\xampp\\htdocs\\wdpf55_ci\\ci_furni_project\\public\\index.php')
CRITICAL - 2023-12-21 12:09:09 --> Undefined variable $products
in APPPATH\Views\product\productlist.php on line 61.
 1 APPPATH\Views\product\productlist.php(61): CodeIgniter\Debug\Exceptions->errorHandler(2, 'Undefined variable $products', 'E:\\xampp\\htdocs\\wdpf55_ci\\ci_furni_project\\app\\Views\\product\\productlist.php', 61)
 2 SYSTEMPATH\View\View.php(228): include('E:\\xampp\\htdocs\\wdpf55_ci\\ci_furni_project\\app\\Views\\product\\productlist.php')
 3 SYSTEMPATH\View\View.php(231): CodeIgniter\View\View->CodeIgniter\View\{closure}()
 4 SYSTEMPATH\Common.php(1190): CodeIgniter\View\View->render('product/productlist', [], true)
 5 APPPATH\Controllers\Product.php(18): view('product/productlist')
 6 SYSTEMPATH\CodeIgniter.php(942): App\Controllers\Product->index()
 7 SYSTEMPATH\CodeIgniter.php(502): CodeIgniter\CodeIgniter->runController(Object(App\Controllers\Product))
 8 SYSTEMPATH\CodeIgniter.php(361): CodeIgniter\CodeIgniter->handleRequest(null, Object(Config\Cache), false)
 9 FCPATH\index.php(79): CodeIgniter\CodeIgniter->run()
10 SYSTEMPATH\Commands\Server\rewrite.php(47): require_once('E:\\xampp\\htdocs\\wdpf55_ci\\ci_furni_project\\public\\index.php')
CRITICAL - 2023-12-21 12:10:01 --> Undefined variable $products
in APPPATH\Views\product\productlist.php on line 61.
 1 APPPATH\Views\product\productlist.php(61): CodeIgniter\Debug\Exceptions->errorHandler(2, 'Undefined variable $products', 'E:\\xampp\\htdocs\\wdpf55_ci\\ci_furni_project\\app\\Views\\product\\productlist.php', 61)
 2 SYSTEMPATH\View\View.php(228): include('E:\\xampp\\htdocs\\wdpf55_ci\\ci_furni_project\\app\\Views\\product\\productlist.php')
 3 SYSTEMPATH\View\View.php(231): CodeIgniter\View\View->CodeIgniter\View\{closure}()
 4 SYSTEMPATH\Common.php(1190): CodeIgniter\View\View->render('product/productlist', [], true)
 5 APPPATH\Controllers\Product.php(18): view('product/productlist')
 6 SYSTEMPATH\CodeIgniter.php(942): App\Controllers\Product->index()
 7 SYSTEMPATH\CodeIgniter.php(502): CodeIgniter\CodeIgniter->runController(Object(App\Controllers\Product))
 8 SYSTEMPATH\CodeIgniter.php(361): CodeIgniter\CodeIgniter->handleRequest(null, Object(Config\Cache), false)
 9 FCPATH\index.php(79): CodeIgniter\CodeIgniter->run()
10 SYSTEMPATH\Commands\Server\rewrite.php(47): require_once('E:\\xampp\\htdocs\\wdpf55_ci\\ci_furni_project\\public\\index.php')
CRITICAL - 2023-12-21 12:13:23 --> Undefined variable $product
in APPPATH\Views\product\productlist.php on line 61.
 1 APPPATH\Views\product\productlist.php(61): CodeIgniter\Debug\Exceptions->errorHandler(2, 'Undefined variable $product', 'E:\\xampp\\htdocs\\wdpf55_ci\\ci_furni_project\\app\\Views\\product\\productlist.php', 61)
 2 SYSTEMPATH\View\View.php(228): include('E:\\xampp\\htdocs\\wdpf55_ci\\ci_furni_project\\app\\Views\\product\\productlist.php')
 3 SYSTEMPATH\View\View.php(231): CodeIgniter\View\View->CodeIgniter\View\{closure}()
 4 SYSTEMPATH\Common.php(1190): CodeIgniter\View\View->render('product/productlist', [], true)
 5 APPPATH\Controllers\Product.php(18): view('product/productlist')
 6 SYSTEMPATH\CodeIgniter.php(942): App\Controllers\Product->index()
 7 SYSTEMPATH\CodeIgniter.php(502): CodeIgniter\CodeIgniter->runController(Object(App\Controllers\Product))
 8 SYSTEMPATH\CodeIgniter.php(361): CodeIgniter\CodeIgniter->handleRequest(null, Object(Config\Cache), false)
 9 FCPATH\index.php(79): CodeIgniter\CodeIgniter->run()
10 SYSTEMPATH\Commands\Server\rewrite.php(47): require_once('E:\\xampp\\htdocs\\wdpf55_ci\\ci_furni_project\\public\\index.php')
